2024-06-25 08:03:51,221 [INFO] Activator:176 - 


2024-06-25 08:03:51,226 [INFO] Activator:177 - !SESSION log4j initialized
2024-06-25 08:03:55,021 [INFO] LogOutputStream:77 - [STDOUT_REDIRECT] 
2024-06-25 08:03:56,160 [INFO] ApplicationProperties:184 - Using Application install path: C:\ST\STM32CubeIDE_1.15.1\STM32CubeIDE\plugins\com.st.stm32cube.common.mx_6.11.1.202404110753
2024-06-25 08:03:56,183 [INFO] DbMcusXml:78 - Set database path to: C:\ST\STM32CubeIDE_1.15.1\STM32CubeIDE\plugins\com.st.stm32cube.common.mx_6.11.1.202404110753\\db\/mcu/
2024-06-25 08:03:56,184 [INFO] ApiDb:274 - Set plugin database path to: C:\ST\STM32CubeIDE_1.15.1\STM32CubeIDE\plugins\com.st.stm32cube.common.mx_6.11.1.202404110753\\db\/plugins/boardmanager/
2024-06-25 08:03:56,185 [WARN] ApiDb:259 - Overriding images path with different value:  => C:\ST\STM32CubeIDE_1.15.1\STM32CubeIDE\plugins\com.st.stm32cube.common.mx_6.11.1.202404110753\\db\/plugins/mcufinder/images/
2024-06-25 08:03:56,192 [INFO] ApiDb:250 - Set database path to: C:\Users\PC\.stmcufinder\plugins\mcufinder//mcu/
2024-06-25 08:03:56,193 [INFO] DbMcusAds:125 - Set database path to: C:\Users\PC\.stmcufinder\plugins\mcufinder//mcu/
2024-06-25 08:03:56,194 [INFO] CrossReferenceDbSqlite:203 - Set database path to: C:\Users\PC\.stmcufinder\plugins\mcufinder//mcu/cs/
2024-06-25 08:03:56,325 [INFO] RulesReader:64 - Compatibility file has been processed (297 Rules)
2024-06-25 08:03:56,443 [INFO] DbMcusXml:78 - Set database path to: C:\ST\STM32CubeIDE_1.15.1\STM32CubeIDE\plugins\com.st.stm32cube.common.mx_6.11.1.202404110753\\db\/mcu/
2024-06-25 08:03:56,444 [INFO] ApiDb:274 - Set plugin database path to: C:\ST\STM32CubeIDE_1.15.1\STM32CubeIDE\plugins\com.st.stm32cube.common.mx_6.11.1.202404110753\\db\/plugins/boardmanager/
2024-06-25 08:03:56,444 [INFO] ApiDb:261 - Set plugin images path to: C:\ST\STM32CubeIDE_1.15.1\STM32CubeIDE\plugins\com.st.stm32cube.common.mx_6.11.1.202404110753\\db\/plugins/mcufinder/images/
2024-06-25 08:03:56,445 [WARN] DbFile:41 - Overriding database path with different value: C:\Users\PC\.stmcufinder\plugins\mcufinder/ => C:\Users\PC\.stmcufinder\plugins\mcufinder
2024-06-25 08:03:56,445 [INFO] ApiDb:250 - Set database path to: C:\Users\PC\.stmcufinder\plugins\mcufinder//mcu/
2024-06-25 08:03:56,445 [WARN] DbFile:41 - Overriding database path with different value: C:\Users\PC\.stmcufinder\plugins\mcufinder/ => C:\Users\PC\.stmcufinder\plugins\mcufinder
2024-06-25 08:03:56,445 [INFO] DbMcusAds:125 - Set database path to: C:\Users\PC\.stmcufinder\plugins\mcufinder//mcu/
2024-06-25 08:03:56,445 [WARN] DbFile:41 - Overriding database path with different value: C:\Users\PC\.stmcufinder\plugins\mcufinder/ => C:\Users\PC\.stmcufinder\plugins\mcufinder
2024-06-25 08:03:56,445 [WARN] DbFile:41 - Overriding database path with different value: C:\Users\PC\.stmcufinder\plugins\mcufinder/ => C:\Users\PC\.stmcufinder\plugins\mcufinder
2024-06-25 08:03:56,445 [INFO] CrossReferenceDbSqlite:203 - Set database path to: C:\Users\PC\.stmcufinder\plugins\mcufinder//mcu/cs/
2024-06-25 08:03:56,514 [INFO] MainPanel:264 - HeapMemory: 268435456
2024-06-25 08:03:56,607 [INFO] DbMcusXml:78 - Set database path to: C:\ST\STM32CubeIDE_1.15.1\STM32CubeIDE\plugins\com.st.stm32cube.common.mx_6.11.1.202404110753\\db\/mcu/
2024-06-25 08:03:56,607 [INFO] ApiDb:274 - Set plugin database path to: C:\ST\STM32CubeIDE_1.15.1\STM32CubeIDE\plugins\com.st.stm32cube.common.mx_6.11.1.202404110753\\db\/plugins/boardmanager/
2024-06-25 08:03:56,607 [INFO] ApiDb:261 - Set plugin images path to: C:\ST\STM32CubeIDE_1.15.1\STM32CubeIDE\plugins\com.st.stm32cube.common.mx_6.11.1.202404110753\\db\/plugins/mcufinder/images/
2024-06-25 08:03:56,607 [WARN] DbFile:41 - Overriding database path with different value: C:\Users\PC\.stmcufinder\plugins\mcufinder/ => C:\Users\PC\.stmcufinder\plugins\mcufinder
2024-06-25 08:03:56,607 [INFO] ApiDb:250 - Set database path to: C:\Users\PC\.stmcufinder\plugins\mcufinder//mcu/
2024-06-25 08:03:56,607 [WARN] DbFile:41 - Overriding database path with different value: C:\Users\PC\.stmcufinder\plugins\mcufinder/ => C:\Users\PC\.stmcufinder\plugins\mcufinder
2024-06-25 08:03:56,607 [INFO] DbMcusAds:125 - Set database path to: C:\Users\PC\.stmcufinder\plugins\mcufinder//mcu/
2024-06-25 08:03:56,607 [WARN] DbFile:41 - Overriding database path with different value: C:\Users\PC\.stmcufinder\plugins\mcufinder/ => C:\Users\PC\.stmcufinder\plugins\mcufinder
2024-06-25 08:03:56,607 [WARN] DbFile:41 - Overriding database path with different value: C:\Users\PC\.stmcufinder\plugins\mcufinder/ => C:\Users\PC\.stmcufinder\plugins\mcufinder
2024-06-25 08:03:56,608 [INFO] CrossReferenceDbSqlite:203 - Set database path to: C:\Users\PC\.stmcufinder\plugins\mcufinder//mcu/cs/
2024-06-25 08:03:56,622 [INFO] ApplicationProperties:184 - Using Application install path: C:\ST\STM32CubeIDE_1.15.1\STM32CubeIDE\plugins\com.st.stm32cube.common.mx_6.11.1.202404110753
2024-06-25 08:03:56,624 [INFO] PluginManage:196 - Search for loadable plugins [exclusion list=, ]
2024-06-25 08:03:56,625 [INFO] PluginManage:310 - Check plugin analytics
2024-06-25 08:03:56,747 [INFO] AnalyticsPlugin:253 - Accepted Software Licenses: 
2024-06-25 08:03:56,747 [INFO] AnalyticsPlugin:255 - Accepted CMSIS Pack Licenses: 
2024-06-25 08:03:56,747 [INFO] AnalyticsPlugin:257 - Accepted Firmware Licenses: FW.C0.1.1.0
2024-06-25 08:03:56,749 [INFO] PluginManage:359 - Loaded plugin analytics (category:tool,tabindex:-1)
2024-06-25 08:03:56,750 [INFO] PluginManage:310 - Check plugin cadmodel
2024-06-25 08:03:56,757 [INFO] CADModel:105 - Init CAD model plugin
2024-06-25 08:03:56,758 [INFO] PluginManage:359 - Loaded plugin cadmodel (category:power,tabindex:5)
2024-06-25 08:03:56,758 [INFO] PluginManage:310 - Check plugin clock
2024-06-25 08:03:56,769 [INFO] PluginManage:359 - Loaded plugin clock (category:base,tabindex:2)
2024-06-25 08:03:56,769 [INFO] PluginManage:310 - Check plugin ddr
2024-06-25 08:03:56,771 [INFO] PluginManage:359 - Loaded plugin ddr (category:tool,tabindex:6)
2024-06-25 08:03:56,771 [INFO] PluginManage:310 - Check plugin filemanager
2024-06-25 08:03:56,890 [INFO] PluginManage:359 - Loaded plugin filemanager (category:base,tabindex:10)
2024-06-25 08:03:56,890 [INFO] PluginManage:310 - Check plugin ipmanager
2024-06-25 08:03:56,896 [INFO] PluginManage:359 - Loaded plugin ipmanager (category:base,tabindex:5)
2024-06-25 08:03:56,896 [INFO] PluginManage:310 - Check plugin lpbam
2024-06-25 08:03:56,903 [INFO] PluginManage:359 - Loaded plugin lpbam (category:base,tabindex:0)
2024-06-25 08:03:56,903 [INFO] PluginManage:310 - Check plugin memorymap
2024-06-25 08:03:56,917 [INFO] PluginManage:359 - Loaded plugin memorymap (category:base,tabindex:4)
2024-06-25 08:03:56,917 [INFO] PluginManage:310 - Check plugin pinoutandconfiguration
2024-06-25 08:03:56,924 [INFO] PluginManage:359 - Loaded plugin pinoutandconfiguration (category:base,tabindex:1)
2024-06-25 08:03:56,925 [INFO] PluginManage:310 - Check plugin pinoutconfig
2024-06-25 08:03:56,986 [WARN] SupportedApi:132 - Cannot load RTOS API schema: s4s-elt-must-match.1: The content of 'definitions' must match (annotation?, (simpleType | complexType)?, (unique | key | keyref)*)). A problem was found starting at: attribute.
2024-06-25 08:03:57,085 [INFO] PluginManage:359 - Loaded plugin pinoutconfig (category:base,tabindex:0)
2024-06-25 08:03:57,085 [INFO] PluginManage:310 - Check plugin power
2024-06-25 08:03:57,098 [INFO] PluginManage:359 - Loaded plugin power (category:power,tabindex:4)
2024-06-25 08:03:57,098 [INFO] PluginManage:310 - Check plugin projectmanager
2024-06-25 08:03:57,108 [INFO] PluginManage:359 - Loaded plugin projectmanager (category:projectmanager,tabindex:3)
2024-06-25 08:03:57,109 [INFO] PluginManage:310 - Check plugin thirdparty
2024-06-25 08:03:57,308 [INFO] PluginManage:359 - Loaded plugin thirdparty (category:base,tabindex:-1)
2024-06-25 08:03:57,308 [WARN] IntegrityCheckThread:84 - waiting for thirdparty lock release [integrity check]
2024-06-25 08:03:57,308 [INFO] PluginManage:310 - Check plugin tools
2024-06-25 08:03:57,309 [INFO] IntegrityCheckThread:86 - entering critical section [integrity check]
2024-06-25 08:03:57,309 [INFO] ThirdPartyUpdaterWithRetryManager:70 - Updater plugin not ready yet. [1/15]
2024-06-25 08:03:57,311 [INFO] PluginManage:359 - Loaded plugin tools (category:base,tabindex:7)
2024-06-25 08:03:57,311 [INFO] PluginManage:310 - Check plugin tutovideos
2024-06-25 08:03:57,599 [INFO] PluginManage:359 - Loaded plugin tutovideos (category:base,tabindex:-1)
2024-06-25 08:03:57,599 [INFO] PluginManage:310 - Check plugin updater
2024-06-25 08:03:57,620 [INFO] PluginManage:359 - Loaded plugin updater (category:base,tabindex:12)
2024-06-25 08:03:57,620 [INFO] PluginManage:310 - Check plugin userauth
2024-06-25 08:03:57,633 [INFO] UserAuth:114 - Init User Auth plugin
2024-06-25 08:03:57,633 [INFO] PluginManage:359 - Loaded plugin userauth (category:base,tabindex:14)
2024-06-25 08:03:57,633 [INFO] PluginManage:283 - PluginManage : Loaded plugins [17]
2024-06-25 08:03:57,895 [INFO] PinOutPanel:1561 - setPackage(No Configuration,No Configuration)
2024-06-25 08:03:57,953 [INFO] CADModel:165 - CPN selected for project level
2024-06-25 08:03:57,953 [INFO] CADModel:114 - Register for checkConnection events
2024-06-25 08:03:57,969 [INFO] IPUIPlugin:80 - create IPUIPlugin
2024-06-25 08:03:57,969 [INFO] PluginManager:220 - loadIPPluginJar : add adc
2024-06-25 08:03:57,971 [INFO] IPUIPlugin:80 - create IPUIPlugin
2024-06-25 08:03:57,971 [INFO] PluginManager:220 - loadIPPluginJar : add aes
2024-06-25 08:03:57,973 [INFO] IPUIPlugin:80 - create IPUIPlugin
2024-06-25 08:03:57,973 [INFO] PluginManager:220 - loadIPPluginJar : add can
2024-06-25 08:03:57,975 [INFO] IPUIPlugin:80 - create IPUIPlugin
2024-06-25 08:03:57,975 [INFO] PluginManager:220 - loadIPPluginJar : add comp
2024-06-25 08:03:57,976 [INFO] IPUIPlugin:80 - create IPUIPlugin
2024-06-25 08:03:57,977 [INFO] PluginManager:220 - loadIPPluginJar : add cryp
2024-06-25 08:03:57,978 [INFO] IPUIPlugin:80 - create IPUIPlugin
2024-06-25 08:03:57,978 [INFO] PluginManager:220 - loadIPPluginJar : add dfsdm
2024-06-25 08:03:57,983 [INFO] IPUIPlugin:80 - create IPUIPlugin
2024-06-25 08:03:57,984 [INFO] PluginManager:220 - loadIPPluginJar : add dma
2024-06-25 08:03:57,985 [INFO] IPUIPlugin:80 - create IPUIPlugin
2024-06-25 08:03:57,985 [INFO] PluginManager:220 - loadIPPluginJar : add dma3
2024-06-25 08:03:57,987 [INFO] IPUIPlugin:80 - create IPUIPlugin
2024-06-25 08:03:57,987 [INFO] PluginManager:220 - loadIPPluginJar : add extmemmanager
2024-06-25 08:03:57,988 [INFO] IPUIPlugin:80 - create IPUIPlugin
2024-06-25 08:03:57,988 [INFO] PluginManager:220 - loadIPPluginJar : add fatfs
2024-06-25 08:03:57,991 [INFO] IPUIPlugin:80 - create IPUIPlugin
2024-06-25 08:03:57,991 [INFO] PluginManager:220 - loadIPPluginJar : add fmc
2024-06-25 08:03:57,997 [INFO] IPUIPlugin:80 - create IPUIPlugin
2024-06-25 08:03:57,997 [INFO] PluginManager:220 - loadIPPluginJar : add freertos
2024-06-25 08:03:57,998 [INFO] IPUIPlugin:80 - create IPUIPlugin
2024-06-25 08:03:57,998 [INFO] PluginManager:220 - loadIPPluginJar : add genericplugin
2024-06-25 08:03:58,000 [INFO] IPUIPlugin:80 - create IPUIPlugin
2024-06-25 08:03:58,001 [INFO] PluginManager:220 - loadIPPluginJar : add gfxmmu
2024-06-25 08:03:58,004 [INFO] IPUIPlugin:80 - create IPUIPlugin
2024-06-25 08:03:58,004 [INFO] PluginManager:220 - loadIPPluginJar : add gic
2024-06-25 08:03:58,008 [INFO] IPUIPlugin:80 - create IPUIPlugin
2024-06-25 08:03:58,008 [INFO] PluginManager:220 - loadIPPluginJar : add gpio
2024-06-25 08:03:58,010 [INFO] IPUIPlugin:80 - create IPUIPlugin
2024-06-25 08:03:58,010 [INFO] PluginManager:220 - loadIPPluginJar : add gtzc
2024-06-25 08:03:58,011 [INFO] IPUIPlugin:80 - create IPUIPlugin
2024-06-25 08:03:58,011 [INFO] PluginManager:220 - loadIPPluginJar : add hash
2024-06-25 08:03:58,013 [INFO] IPUIPlugin:80 - create IPUIPlugin
2024-06-25 08:03:58,013 [INFO] PluginManager:220 - loadIPPluginJar : add i2c
2024-06-25 08:03:58,015 [INFO] IPUIPlugin:80 - create IPUIPlugin
2024-06-25 08:03:58,015 [INFO] PluginManager:220 - loadIPPluginJar : add i2s
2024-06-25 08:03:58,017 [INFO] IPUIPlugin:80 - create IPUIPlugin
2024-06-25 08:03:58,017 [INFO] PluginManager:220 - loadIPPluginJar : add i3c
2024-06-25 08:03:58,095 [INFO] IPUIPlugin:80 - create IPUIPlugin
2024-06-25 08:03:58,095 [INFO] PluginManager:220 - loadIPPluginJar : add ipddr
2024-06-25 08:03:58,102 [INFO] IPUIPlugin:80 - create IPUIPlugin
2024-06-25 08:03:58,102 [INFO] PluginManager:220 - loadIPPluginJar : add linkedlist
2024-06-25 08:03:58,104 [INFO] IPUIPlugin:80 - create IPUIPlugin
2024-06-25 08:03:58,104 [INFO] PluginManager:220 - loadIPPluginJar : add lorawan
2024-06-25 08:03:58,106 [INFO] IPUIPlugin:80 - create IPUIPlugin
2024-06-25 08:03:58,106 [INFO] PluginManager:220 - loadIPPluginJar : add ltdc
2024-06-25 08:03:58,111 [INFO] IPUIPlugin:80 - create IPUIPlugin
2024-06-25 08:03:58,112 [INFO] PluginManager:220 - loadIPPluginJar : add mdma
2024-06-25 08:03:58,116 [INFO] IPUIPlugin:80 - create IPUIPlugin
2024-06-25 08:03:58,116 [INFO] PluginManager:220 - loadIPPluginJar : add nvic
2024-06-25 08:03:58,121 [INFO] IPUIPlugin:80 - create IPUIPlugin
2024-06-25 08:03:58,121 [INFO] PluginManager:220 - loadIPPluginJar : add opamp
2024-06-25 08:03:58,126 [INFO] IPUIPlugin:80 - create IPUIPlugin
2024-06-25 08:03:58,126 [INFO] PluginManager:220 - loadIPPluginJar : add openamp
2024-06-25 08:03:58,134 [INFO] IPUIPlugin:80 - create IPUIPlugin
2024-06-25 08:03:58,134 [INFO] PluginManager:220 - loadIPPluginJar : add pdm2pcm
2024-06-25 08:03:58,141 [INFO] IPUIPlugin:80 - create IPUIPlugin
2024-06-25 08:03:58,144 [INFO] PluginManager:220 - loadIPPluginJar : add plateformsettings
2024-06-25 08:03:58,152 [INFO] IPUIPlugin:80 - create IPUIPlugin
2024-06-25 08:03:58,153 [INFO] PluginManager:220 - loadIPPluginJar : add quadspi
2024-06-25 08:03:58,158 [INFO] IPUIPlugin:80 - create IPUIPlugin
2024-06-25 08:03:58,158 [INFO] PluginManager:220 - loadIPPluginJar : add resmgrutility
2024-06-25 08:03:58,161 [INFO] IPUIPlugin:80 - create IPUIPlugin
2024-06-25 08:03:58,161 [INFO] PluginManager:220 - loadIPPluginJar : add sai
2024-06-25 08:03:58,162 [INFO] IPUIPlugin:80 - create IPUIPlugin
2024-06-25 08:03:58,163 [INFO] PluginManager:220 - loadIPPluginJar : add spi
2024-06-25 08:03:58,169 [INFO] IPUIPlugin:80 - create IPUIPlugin
2024-06-25 08:03:58,169 [INFO] PluginManager:220 - loadIPPluginJar : add stm32_wpan
2024-06-25 08:03:58,170 [INFO] IPUIPlugin:80 - create IPUIPlugin
2024-06-25 08:03:58,170 [INFO] PluginManager:220 - loadIPPluginJar : add tim
2024-06-25 08:03:58,173 [INFO] IPUIPlugin:80 - create IPUIPlugin
2024-06-25 08:03:58,173 [INFO] PluginManager:220 - loadIPPluginJar : add touchsensing
2024-06-25 08:03:58,175 [INFO] IPUIPlugin:80 - create IPUIPlugin
2024-06-25 08:03:58,175 [INFO] PluginManager:220 - loadIPPluginJar : add tracer_emb
2024-06-25 08:03:58,176 [INFO] IPUIPlugin:80 - create IPUIPlugin
2024-06-25 08:03:58,176 [INFO] PluginManager:220 - loadIPPluginJar : add ts
2024-06-25 08:03:58,177 [INFO] IPUIPlugin:80 - create IPUIPlugin
2024-06-25 08:03:58,177 [INFO] PluginManager:220 - loadIPPluginJar : add tsc
2024-06-25 08:03:58,179 [INFO] IPUIPlugin:80 - create IPUIPlugin
2024-06-25 08:03:58,179 [INFO] PluginManager:220 - loadIPPluginJar : add ucpd
2024-06-25 08:03:58,182 [INFO] IPUIPlugin:80 - create IPUIPlugin
2024-06-25 08:03:58,182 [INFO] PluginManager:220 - loadIPPluginJar : add usart
2024-06-25 08:03:58,186 [INFO] IPUIPlugin:80 - create IPUIPlugin
2024-06-25 08:03:58,186 [INFO] PluginManager:220 - loadIPPluginJar : add usbx
2024-06-25 08:03:58,313 [INFO] CADModel:165 - CPN selected for project level
2024-06-25 08:03:58,313 [INFO] CADModel:114 - Register for checkConnection events
2024-06-25 08:03:58,313 [FATAL] Updater:308 - Updater called before beeing initialized
2024-06-25 08:03:58,313 [ERROR] CADModel:125 - Updater not yet initialized, retry later 
2024-06-25 08:03:58,528 [INFO] CADModel:165 - CPN selected for project level
2024-06-25 08:03:58,528 [INFO] CADModel:114 - Register for checkConnection events
2024-06-25 08:03:58,528 [FATAL] Updater:308 - Updater called before beeing initialized
2024-06-25 08:03:58,528 [ERROR] CADModel:125 - Updater not yet initialized, retry later 
2024-06-25 08:03:58,532 [FATAL] Updater:308 - Updater called before beeing initialized
2024-06-25 08:03:58,618 [FATAL] Updater:308 - Updater called before beeing initialized
2024-06-25 08:03:58,625 [INFO] DbMcusAds:53 - JSON generation date=Thu May 16 16:22:00 ICT 2024 (1715851320852)
2024-06-25 08:03:58,626 [FATAL] Updater:308 - Updater called before beeing initialized
2024-06-25 08:03:58,666 [WARN] DetailPanel:346 - Failed to get advertising image, set to default
2024-06-25 08:03:58,728 [FATAL] Updater:308 - Updater called before beeing initialized
2024-06-25 08:03:58,731 [FATAL] Updater:308 - Updater called before beeing initialized
2024-06-25 08:03:58,731 [FATAL] Updater:308 - Updater called before beeing initialized
2024-06-25 08:03:58,731 [WARN] DetailPanel:346 - Failed to get advertising image, set to default
2024-06-25 08:03:58,732 [FATAL] Updater:308 - Updater called before beeing initialized
2024-06-25 08:03:58,774 [ERROR] Updater:1120 - MainUpdater not yet initialized. External WinMGr cannot be set.
2024-06-25 08:03:58,783 [INFO] Updater:1056 - Updater Version found : 6.11.1
2024-06-25 08:03:58,810 [INFO] ApplicationProperties:184 - Using Application install path: C:\ST\STM32CubeIDE_1.15.1\STM32CubeIDE\plugins\com.st.stm32cube.common.mx_6.11.1.202404110753
2024-06-25 08:04:00,311 [INFO] ThirdPartyUpdaterWithRetryManager:70 - Updater plugin not ready yet. [2/15]
2024-06-25 08:04:00,387 [ERROR] LogOutputStream:75 - [STDERR_REDIRECT] Jun 25, 2024 8:04:00 AM java.util.prefs.WindowsPreferences <init>
2024-06-25 08:04:00,388 [ERROR] LogOutputStream:75 - [STDERR_REDIRECT] WARNING: Could not open/create prefs root node Software\JavaSoft\Prefs at root 0xffffffff80000002. Windows RegCreateKeyEx(...) returned error code 5.
2024-06-25 08:04:00,388 [ERROR] LogOutputStream:75 - [STDERR_REDIRECT] 
2024-06-25 08:04:00,772 [INFO] MainUpdater:2873 - connection check result : 10
2024-06-25 08:04:00,772 [INFO] MainUpdater:290 - Updater Check For Update Now.
2024-06-25 08:04:00,772 [INFO] MicroXplorer:498 - Change Database Version : DB.6.0.111
2024-06-25 08:04:00,787 [INFO] McuFinderGlobals:63 - Set McuFinder mode to 2 (CubeIDE integrated)
2024-06-25 08:04:00,796 [INFO] UserAuth:415 - Internet connection configuration mode: 1
2024-06-25 08:04:00,811 [INFO] JxBrowserEngine:152 - Initiate JxBrowser Engine with user profile folder
2024-06-25 08:04:00,939 [INFO] CheckServerUpdateThread:120 - End of CheckServer Thread
2024-06-25 08:04:04,041 [WARN] PackLoader:240 - Cannot read IP mode file for STMicroelectronics.X-CUBE-SMBUS.2.1.0
2024-06-25 08:04:04,087 [WARN] PackLoader:240 - Cannot read IP mode file for STMicroelectronics.X-CUBE-AZRTOS-F7.1.1.0
2024-06-25 08:04:04,122 [WARN] PackLoader:240 - Cannot read IP mode file for STMicroelectronics.FP-SNS-FLIGHT1.5.0.2
2024-06-25 08:04:04,150 [WARN] PackLoader:240 - Cannot read IP mode file for STMicroelectronics.X-CUBE-DISPLAY.3.0.0
2024-06-25 08:04:04,186 [WARN] PackLoader:240 - Cannot read IP mode file for STMicroelectronics.X-CUBE-BLE1.7.0.0
2024-06-25 08:04:04,213 [WARN] PackLoader:240 - Cannot read IP mode file for STMicroelectronics.X-CUBE-BLEMGR.3.1.0
2024-06-25 08:04:04,240 [WARN] PackLoader:240 - Cannot read IP mode file for STMicroelectronics.FP-SNS-SMARTAG2.1.2.0
2024-06-25 08:04:04,264 [INFO] LogOutputStream:77 - [STDOUT_REDIRECT] 1 : Invalid condition id : UX_CORESTACK_Condition cause : null
2024-06-25 08:04:04,264 [INFO] LogOutputStream:77 - [STDOUT_REDIRECT] 1 : Invalid condition id : UX_CORESTACK_Condition cause : null
2024-06-25 08:04:04,265 [INFO] LogOutputStream:77 - [STDOUT_REDIRECT] 1 : Invalid condition id : UX_CORESTACK_Condition cause : null
2024-06-25 08:04:04,265 [INFO] LogOutputStream:77 - [STDOUT_REDIRECT] 1 : Invalid condition id : UX_CORESTACK_Condition cause : null
2024-06-25 08:04:04,266 [INFO] LogOutputStream:77 - [STDOUT_REDIRECT] 1 : Invalid condition id : UX_CORESTACK_Condition cause : null
2024-06-25 08:04:04,268 [WARN] PackLoader:240 - Cannot read IP mode file for STMicroelectronics.X-CUBE-AZRTOS-WL.2.0.0
2024-06-25 08:04:04,279 [WARN] PackLoader:240 - Cannot read IP mode file for wolfSSL.I-CUBE-wolfMQTT.1.19.0
2024-06-25 08:04:04,304 [WARN] PackLoader:240 - Cannot read IP mode file for WES.I-CUBE-Cesium.1.3.0
2024-06-25 08:04:04,316 [WARN] PackLoader:240 - Cannot read IP mode file for STMicroelectronics.X-CUBE-BLE2.3.3.0
2024-06-25 08:04:04,337 [WARN] PackLoader:240 - Cannot read IP mode file for STMicroelectronics.X-CUBE-AZRTOS-G0.1.1.0
2024-06-25 08:04:04,351 [WARN] PackLoader:240 - Cannot read IP mode file for STMicroelectronics.X-CUBE-NFC4.3.0.0
2024-06-25 08:04:04,355 [WARN] PackLoader:240 - Cannot read IP mode file for STMicroelectronics.FP-ATR-SIGFOX1.3.2.0
2024-06-25 08:04:04,366 [WARN] PackLoader:240 - Cannot read IP mode file for STMicroelectronics.X-CUBE-EEPRMA1.5.1.0
2024-06-25 08:04:04,393 [WARN] PackLoader:240 - Cannot read IP mode file for SEGGER.I-CUBE-embOS.1.3.1
2024-06-25 08:04:04,430 [INFO] WebApp:161 - Instantiating new browser for Auth
2024-06-25 08:04:04,437 [WARN] PackLoader:240 - Cannot read IP mode file for STMicroelectronics.X-CUBE-GNSS1.6.0.0
2024-06-25 08:04:04,482 [WARN] PackLoader:240 - Cannot read IP mode file for STMicroelectronics.X-CUBE-AZRTOS-F4.1.1.0
2024-06-25 08:04:04,524 [WARN] PackLoader:240 - Cannot read IP mode file for STMicroelectronics.X-CUBE-AZRTOS-L5.2.0.0
2024-06-25 08:04:04,541 [WARN] PackLoader:240 - Cannot read IP mode file for STMicroelectronics.X-CUBE-NFC7.1.0.1
2024-06-25 08:04:04,569 [WARN] ConditionMgr:438 - getConditionDescription Invalid condition id : LAN8742 Phy interface Condition cause : null
2024-06-25 08:04:04,570 [WARN] PackLoader:240 - Cannot read IP mode file for STMicroelectronics.X-CUBE-AZRTOS-L4.2.0.0
2024-06-25 08:04:04,571 [WARN] ConditionMgr:1039 - genDependencies : Invalid condition id : LAN8742 Phy interface Condition cause : null
2024-06-25 08:04:04,571 [WARN] ConditionMgr:1039 - genDependencies : Invalid condition id : LAN8742 Phy interface Condition cause : null
2024-06-25 08:04:04,571 [WARN] ConditionMgr:1039 - genDependencies : Invalid condition id : LAN8742 Phy interface Condition cause : null
2024-06-25 08:04:04,587 [WARN] PackLoader:240 - Cannot read IP mode file for STMicroelectronics.X-CUBE-SFXS2LP1.4.0.0
2024-06-25 08:04:04,613 [WARN] ConditionMgr:438 - getConditionDescription Invalid condition id : UX DEVICE CLASS RTOS Condition cause : null
2024-06-25 08:04:04,614 [WARN] ConditionMgr:438 - getConditionDescription Invalid condition id : UX DEVICE CLASS RTOS Condition cause : null
2024-06-25 08:04:04,615 [WARN] PackLoader:240 - Cannot read IP mode file for STMicroelectronics.X-CUBE-AZRTOS-WB.2.0.0
2024-06-25 08:04:04,616 [WARN] ConditionMgr:1039 - genDependencies : Invalid condition id : UX DEVICE CLASS RTOS Condition cause : null
2024-06-25 08:04:04,616 [WARN] ConditionMgr:1039 - genDependencies : Invalid condition id : UX DEVICE CLASS RTOS Condition cause : null
2024-06-25 08:04:04,616 [WARN] ConditionMgr:1039 - genDependencies : Invalid condition id : UX DEVICE CLASS RTOS Condition cause : null
2024-06-25 08:04:04,616 [WARN] ConditionMgr:1039 - genDependencies : Invalid condition id : UX DEVICE CLASS RTOS Condition cause : null
2024-06-25 08:04:04,616 [WARN] ConditionMgr:1039 - genDependencies : Invalid condition id : UX DEVICE CLASS RTOS Condition cause : null
2024-06-25 08:04:04,640 [WARN] PackLoader:240 - Cannot read IP mode file for STMicroelectronics.X-CUBE-SUBG2.5.0.0
2024-06-25 08:04:04,661 [WARN] PackLoader:240 - Cannot read IP mode file for Cesanta.I-CUBE-Mongoose.7.13.0
2024-06-25 08:04:04,692 [WARN] PackLoader:240 - Cannot read IP mode file for STMicroelectronics.X-CUBE-AZRTOS-G4.2.0.0
2024-06-25 08:04:04,709 [WARN] PackLoader:240 - Cannot read IP mode file for STMicroelectronics.X-CUBE-ISPU.2.0.0
2024-06-25 08:04:04,753 [WARN] PackLoader:240 - Cannot read IP mode file for STMicroelectronics.X-CUBE-MEMS1.10.0.0
2024-06-25 08:04:04,886 [WARN] PackLoader:240 - Cannot read IP mode file for portGmbH.I-Cube-SoM-uGOAL.1.1.0
2024-06-25 08:04:04,898 [WARN] PackLoader:240 - Cannot read IP mode file for STMicroelectronics.FP-ATR-ASTRA1.2.0.0
2024-06-25 08:04:04,916 [WARN] PackLoader:240 - Cannot read IP mode file for STMicroelectronics.X-CUBE-TOF1.3.4.1
2024-06-25 08:04:04,948 [WARN] PackLoader:240 - Cannot read IP mode file for STMicroelectronics.X-CUBE-AZRTOS-H7.3.2.0
2024-06-25 08:04:04,950 [INFO] ThirdParty:978 - Integrity check success = true
2024-06-25 08:04:04,950 [INFO] IntegrityCheckThread:100 - exiting critical section [integrity check]
2024-06-25 08:04:04,950 [INFO] IntegrityCheckThread:103 - End integrity checks thread
2024-06-25 08:04:05,214 [INFO] WebApp:779 - Register for checkConnection events
2024-06-25 08:04:05,214 [INFO] WebApp:414 - Apply proxy settings
2024-06-25 08:04:05,214 [INFO] WebApp:499 - Chromium requires no authentication
2024-06-25 08:04:05,222 [INFO] WebApp:442 - Direct internet connection detected
2024-06-25 08:04:05,354 [INFO] WebApp:192 - Starting web application
2024-06-25 08:04:05,354 [INFO] WebApp:544 - Web application path used C:\ST\STM32CubeIDE_1.15.1\STM32CubeIDE\plugins\com.st.stm32cube.common.mx_6.11.1.202404110753\db\plugins\mcufinder\reactClient1\index.html
2024-06-25 08:14:47,569 [INFO] WebApp:354 - JxBrowser engine has been closed 
