2024-06-24 08:23:19,108 [INFO] Activator:176 - 


2024-06-24 08:23:19,109 [INFO] Activator:177 - !SESSION log4j initialized
2024-06-24 08:23:21,534 [INFO] LogOutputStream:77 - [STDOUT_REDIRECT] 
2024-06-24 08:23:22,893 [INFO] ApplicationProperties:184 - Using Application install path: C:\ST\STM32CubeIDE_1.15.1\STM32CubeIDE\plugins\com.st.stm32cube.common.mx_6.11.1.202404110753
2024-06-24 08:23:22,908 [INFO] DbMcusXml:78 - Set database path to: C:\ST\STM32CubeIDE_1.15.1\STM32CubeIDE\plugins\com.st.stm32cube.common.mx_6.11.1.202404110753\\db\/mcu/
2024-06-24 08:23:22,908 [INFO] ApiDb:274 - Set plugin database path to: C:\ST\STM32CubeIDE_1.15.1\STM32CubeIDE\plugins\com.st.stm32cube.common.mx_6.11.1.202404110753\\db\/plugins/boardmanager/
2024-06-24 08:23:22,908 [WARN] ApiDb:259 - Overriding images path with different value:  => C:\ST\STM32CubeIDE_1.15.1\STM32CubeIDE\plugins\com.st.stm32cube.common.mx_6.11.1.202404110753\\db\/plugins/mcufinder/images/
2024-06-24 08:23:22,918 [INFO] ApiDb:250 - Set database path to: C:\Users\PC\.stmcufinder\plugins\mcufinder//mcu/
2024-06-24 08:23:22,918 [INFO] DbMcusAds:125 - Set database path to: C:\Users\PC\.stmcufinder\plugins\mcufinder//mcu/
2024-06-24 08:23:22,920 [INFO] CrossReferenceDbSqlite:203 - Set database path to: C:\Users\PC\.stmcufinder\plugins\mcufinder//mcu/cs/
2024-06-24 08:23:23,002 [INFO] RulesReader:64 - Compatibility file has been processed (297 Rules)
2024-06-24 08:23:23,065 [INFO] DbMcusXml:78 - Set database path to: C:\ST\STM32CubeIDE_1.15.1\STM32CubeIDE\plugins\com.st.stm32cube.common.mx_6.11.1.202404110753\\db\/mcu/
2024-06-24 08:23:23,065 [INFO] ApiDb:274 - Set plugin database path to: C:\ST\STM32CubeIDE_1.15.1\STM32CubeIDE\plugins\com.st.stm32cube.common.mx_6.11.1.202404110753\\db\/plugins/boardmanager/
2024-06-24 08:23:23,066 [INFO] ApiDb:261 - Set plugin images path to: C:\ST\STM32CubeIDE_1.15.1\STM32CubeIDE\plugins\com.st.stm32cube.common.mx_6.11.1.202404110753\\db\/plugins/mcufinder/images/
2024-06-24 08:23:23,066 [WARN] DbFile:41 - Overriding database path with different value: C:\Users\PC\.stmcufinder\plugins\mcufinder/ => C:\Users\PC\.stmcufinder\plugins\mcufinder
2024-06-24 08:23:23,066 [INFO] ApiDb:250 - Set database path to: C:\Users\PC\.stmcufinder\plugins\mcufinder//mcu/
2024-06-24 08:23:23,066 [WARN] DbFile:41 - Overriding database path with different value: C:\Users\PC\.stmcufinder\plugins\mcufinder/ => C:\Users\PC\.stmcufinder\plugins\mcufinder
2024-06-24 08:23:23,066 [INFO] DbMcusAds:125 - Set database path to: C:\Users\PC\.stmcufinder\plugins\mcufinder//mcu/
2024-06-24 08:23:23,066 [WARN] DbFile:41 - Overriding database path with different value: C:\Users\PC\.stmcufinder\plugins\mcufinder/ => C:\Users\PC\.stmcufinder\plugins\mcufinder
2024-06-24 08:23:23,066 [WARN] DbFile:41 - Overriding database path with different value: C:\Users\PC\.stmcufinder\plugins\mcufinder/ => C:\Users\PC\.stmcufinder\plugins\mcufinder
2024-06-24 08:23:23,067 [INFO] CrossReferenceDbSqlite:203 - Set database path to: C:\Users\PC\.stmcufinder\plugins\mcufinder//mcu/cs/
2024-06-24 08:23:23,126 [INFO] MainPanel:264 - HeapMemory: 268435456
2024-06-24 08:23:23,200 [INFO] DbMcusXml:78 - Set database path to: C:\ST\STM32CubeIDE_1.15.1\STM32CubeIDE\plugins\com.st.stm32cube.common.mx_6.11.1.202404110753\\db\/mcu/
2024-06-24 08:23:23,201 [INFO] ApiDb:274 - Set plugin database path to: C:\ST\STM32CubeIDE_1.15.1\STM32CubeIDE\plugins\com.st.stm32cube.common.mx_6.11.1.202404110753\\db\/plugins/boardmanager/
2024-06-24 08:23:23,201 [INFO] ApiDb:261 - Set plugin images path to: C:\ST\STM32CubeIDE_1.15.1\STM32CubeIDE\plugins\com.st.stm32cube.common.mx_6.11.1.202404110753\\db\/plugins/mcufinder/images/
2024-06-24 08:23:23,201 [WARN] DbFile:41 - Overriding database path with different value: C:\Users\PC\.stmcufinder\plugins\mcufinder/ => C:\Users\PC\.stmcufinder\plugins\mcufinder
2024-06-24 08:23:23,201 [INFO] ApiDb:250 - Set database path to: C:\Users\PC\.stmcufinder\plugins\mcufinder//mcu/
2024-06-24 08:23:23,201 [WARN] DbFile:41 - Overriding database path with different value: C:\Users\PC\.stmcufinder\plugins\mcufinder/ => C:\Users\PC\.stmcufinder\plugins\mcufinder
2024-06-24 08:23:23,201 [INFO] DbMcusAds:125 - Set database path to: C:\Users\PC\.stmcufinder\plugins\mcufinder//mcu/
2024-06-24 08:23:23,201 [WARN] DbFile:41 - Overriding database path with different value: C:\Users\PC\.stmcufinder\plugins\mcufinder/ => C:\Users\PC\.stmcufinder\plugins\mcufinder
2024-06-24 08:23:23,201 [WARN] DbFile:41 - Overriding database path with different value: C:\Users\PC\.stmcufinder\plugins\mcufinder/ => C:\Users\PC\.stmcufinder\plugins\mcufinder
2024-06-24 08:23:23,201 [INFO] CrossReferenceDbSqlite:203 - Set database path to: C:\Users\PC\.stmcufinder\plugins\mcufinder//mcu/cs/
2024-06-24 08:23:23,213 [INFO] ApplicationProperties:184 - Using Application install path: C:\ST\STM32CubeIDE_1.15.1\STM32CubeIDE\plugins\com.st.stm32cube.common.mx_6.11.1.202404110753
2024-06-24 08:23:23,215 [INFO] PluginManage:196 - Search for loadable plugins [exclusion list=, ]
2024-06-24 08:23:23,216 [INFO] PluginManage:310 - Check plugin analytics
2024-06-24 08:23:23,331 [INFO] AnalyticsPlugin:253 - Accepted Software Licenses: 
2024-06-24 08:23:23,332 [INFO] AnalyticsPlugin:255 - Accepted CMSIS Pack Licenses: 
2024-06-24 08:23:23,332 [INFO] AnalyticsPlugin:257 - Accepted Firmware Licenses: FW.C0.1.1.0
2024-06-24 08:23:23,333 [INFO] PluginManage:359 - Loaded plugin analytics (category:tool,tabindex:-1)
2024-06-24 08:23:23,333 [INFO] PluginManage:310 - Check plugin cadmodel
2024-06-24 08:23:23,349 [INFO] CADModel:105 - Init CAD model plugin
2024-06-24 08:23:23,349 [INFO] PluginManage:359 - Loaded plugin cadmodel (category:power,tabindex:5)
2024-06-24 08:23:23,349 [INFO] PluginManage:310 - Check plugin clock
2024-06-24 08:23:23,369 [INFO] PluginManage:359 - Loaded plugin clock (category:base,tabindex:2)
2024-06-24 08:23:23,369 [INFO] PluginManage:310 - Check plugin ddr
2024-06-24 08:23:23,372 [INFO] PluginManage:359 - Loaded plugin ddr (category:tool,tabindex:6)
2024-06-24 08:23:23,372 [INFO] PluginManage:310 - Check plugin filemanager
2024-06-24 08:23:23,504 [INFO] PluginManage:359 - Loaded plugin filemanager (category:base,tabindex:10)
2024-06-24 08:23:23,504 [INFO] PluginManage:310 - Check plugin ipmanager
2024-06-24 08:23:23,513 [INFO] PluginManage:359 - Loaded plugin ipmanager (category:base,tabindex:5)
2024-06-24 08:23:23,513 [INFO] PluginManage:310 - Check plugin lpbam
2024-06-24 08:23:23,532 [INFO] PluginManage:359 - Loaded plugin lpbam (category:base,tabindex:0)
2024-06-24 08:23:23,532 [INFO] PluginManage:310 - Check plugin memorymap
2024-06-24 08:23:23,555 [INFO] PluginManage:359 - Loaded plugin memorymap (category:base,tabindex:4)
2024-06-24 08:23:23,555 [INFO] PluginManage:310 - Check plugin pinoutandconfiguration
2024-06-24 08:23:23,586 [INFO] PluginManage:359 - Loaded plugin pinoutandconfiguration (category:base,tabindex:1)
2024-06-24 08:23:23,586 [INFO] PluginManage:310 - Check plugin pinoutconfig
2024-06-24 08:23:23,667 [WARN] SupportedApi:132 - Cannot load RTOS API schema: s4s-elt-must-match.1: The content of 'definitions' must match (annotation?, (simpleType | complexType)?, (unique | key | keyref)*)). A problem was found starting at: attribute.
2024-06-24 08:23:23,763 [INFO] PluginManage:359 - Loaded plugin pinoutconfig (category:base,tabindex:0)
2024-06-24 08:23:23,763 [INFO] PluginManage:310 - Check plugin power
2024-06-24 08:23:23,779 [INFO] PluginManage:359 - Loaded plugin power (category:power,tabindex:4)
2024-06-24 08:23:23,779 [INFO] PluginManage:310 - Check plugin projectmanager
2024-06-24 08:23:23,789 [INFO] PluginManage:359 - Loaded plugin projectmanager (category:projectmanager,tabindex:3)
2024-06-24 08:23:23,789 [INFO] PluginManage:310 - Check plugin thirdparty
2024-06-24 08:23:24,018 [INFO] PluginManage:359 - Loaded plugin thirdparty (category:base,tabindex:-1)
2024-06-24 08:23:24,018 [INFO] PluginManage:310 - Check plugin tools
2024-06-24 08:23:24,018 [WARN] IntegrityCheckThread:84 - waiting for thirdparty lock release [integrity check]
2024-06-24 08:23:24,018 [INFO] IntegrityCheckThread:86 - entering critical section [integrity check]
2024-06-24 08:23:24,019 [INFO] ThirdPartyUpdaterWithRetryManager:70 - Updater plugin not ready yet. [1/15]
2024-06-24 08:23:24,050 [INFO] PluginManage:359 - Loaded plugin tools (category:base,tabindex:7)
2024-06-24 08:23:24,050 [INFO] PluginManage:310 - Check plugin tutovideos
2024-06-24 08:23:24,207 [INFO] PluginManage:359 - Loaded plugin tutovideos (category:base,tabindex:-1)
2024-06-24 08:23:24,208 [INFO] PluginManage:310 - Check plugin updater
2024-06-24 08:23:24,218 [INFO] PluginManage:359 - Loaded plugin updater (category:base,tabindex:12)
2024-06-24 08:23:24,218 [INFO] PluginManage:310 - Check plugin userauth
2024-06-24 08:23:24,223 [INFO] UserAuth:114 - Init User Auth plugin
2024-06-24 08:23:24,223 [INFO] PluginManage:359 - Loaded plugin userauth (category:base,tabindex:14)
2024-06-24 08:23:24,224 [INFO] PluginManage:283 - PluginManage : Loaded plugins [17]
2024-06-24 08:23:24,397 [INFO] PinOutPanel:1561 - setPackage(No Configuration,No Configuration)
2024-06-24 08:23:24,456 [INFO] CADModel:165 - CPN selected for project level
2024-06-24 08:23:24,456 [INFO] CADModel:114 - Register for checkConnection events
2024-06-24 08:23:24,483 [INFO] IPUIPlugin:80 - create IPUIPlugin
2024-06-24 08:23:24,483 [INFO] PluginManager:220 - loadIPPluginJar : add adc
2024-06-24 08:23:24,518 [INFO] IPUIPlugin:80 - create IPUIPlugin
2024-06-24 08:23:24,518 [INFO] PluginManager:220 - loadIPPluginJar : add aes
2024-06-24 08:23:24,565 [INFO] IPUIPlugin:80 - create IPUIPlugin
2024-06-24 08:23:24,565 [INFO] PluginManager:220 - loadIPPluginJar : add can
2024-06-24 08:23:24,585 [INFO] IPUIPlugin:80 - create IPUIPlugin
2024-06-24 08:23:24,585 [INFO] PluginManager:220 - loadIPPluginJar : add comp
2024-06-24 08:23:24,611 [INFO] IPUIPlugin:80 - create IPUIPlugin
2024-06-24 08:23:24,612 [INFO] PluginManager:220 - loadIPPluginJar : add cryp
2024-06-24 08:23:24,635 [INFO] IPUIPlugin:80 - create IPUIPlugin
2024-06-24 08:23:24,635 [INFO] PluginManager:220 - loadIPPluginJar : add dfsdm
2024-06-24 08:23:24,648 [INFO] IPUIPlugin:80 - create IPUIPlugin
2024-06-24 08:23:24,649 [INFO] PluginManager:220 - loadIPPluginJar : add dma
2024-06-24 08:23:24,685 [INFO] IPUIPlugin:80 - create IPUIPlugin
2024-06-24 08:23:24,686 [INFO] PluginManager:220 - loadIPPluginJar : add dma3
2024-06-24 08:23:24,720 [INFO] IPUIPlugin:80 - create IPUIPlugin
2024-06-24 08:23:24,721 [INFO] PluginManager:220 - loadIPPluginJar : add extmemmanager
2024-06-24 08:23:24,738 [INFO] IPUIPlugin:80 - create IPUIPlugin
2024-06-24 08:23:24,738 [INFO] PluginManager:220 - loadIPPluginJar : add fatfs
2024-06-24 08:23:24,778 [INFO] IPUIPlugin:80 - create IPUIPlugin
2024-06-24 08:23:24,778 [INFO] PluginManager:220 - loadIPPluginJar : add fmc
2024-06-24 08:23:24,791 [INFO] IPUIPlugin:80 - create IPUIPlugin
2024-06-24 08:23:24,791 [INFO] PluginManager:220 - loadIPPluginJar : add freertos
2024-06-24 08:23:24,807 [INFO] IPUIPlugin:80 - create IPUIPlugin
2024-06-24 08:23:24,807 [INFO] PluginManager:220 - loadIPPluginJar : add genericplugin
2024-06-24 08:23:24,893 [INFO] IPUIPlugin:80 - create IPUIPlugin
2024-06-24 08:23:24,893 [INFO] PluginManager:220 - loadIPPluginJar : add gfxmmu
2024-06-24 08:23:25,003 [INFO] IPUIPlugin:80 - create IPUIPlugin
2024-06-24 08:23:25,003 [INFO] PluginManager:220 - loadIPPluginJar : add gic
2024-06-24 08:23:25,014 [INFO] IPUIPlugin:80 - create IPUIPlugin
2024-06-24 08:23:25,014 [INFO] PluginManager:220 - loadIPPluginJar : add gpio
2024-06-24 08:23:25,089 [INFO] IPUIPlugin:80 - create IPUIPlugin
2024-06-24 08:23:25,089 [INFO] PluginManager:220 - loadIPPluginJar : add gtzc
2024-06-24 08:23:25,117 [INFO] IPUIPlugin:80 - create IPUIPlugin
2024-06-24 08:23:25,117 [INFO] PluginManager:220 - loadIPPluginJar : add hash
2024-06-24 08:23:25,163 [INFO] IPUIPlugin:80 - create IPUIPlugin
2024-06-24 08:23:25,163 [INFO] PluginManager:220 - loadIPPluginJar : add i2c
2024-06-24 08:23:25,197 [INFO] IPUIPlugin:80 - create IPUIPlugin
2024-06-24 08:23:25,197 [INFO] PluginManager:220 - loadIPPluginJar : add i2s
2024-06-24 08:23:25,233 [INFO] IPUIPlugin:80 - create IPUIPlugin
2024-06-24 08:23:25,233 [INFO] PluginManager:220 - loadIPPluginJar : add i3c
2024-06-24 08:23:25,318 [INFO] IPUIPlugin:80 - create IPUIPlugin
2024-06-24 08:23:25,318 [INFO] PluginManager:220 - loadIPPluginJar : add ipddr
2024-06-24 08:23:25,398 [INFO] IPUIPlugin:80 - create IPUIPlugin
2024-06-24 08:23:25,398 [INFO] PluginManager:220 - loadIPPluginJar : add linkedlist
2024-06-24 08:23:25,430 [INFO] IPUIPlugin:80 - create IPUIPlugin
2024-06-24 08:23:25,431 [INFO] PluginManager:220 - loadIPPluginJar : add lorawan
2024-06-24 08:23:25,463 [INFO] IPUIPlugin:80 - create IPUIPlugin
2024-06-24 08:23:25,463 [INFO] PluginManager:220 - loadIPPluginJar : add ltdc
2024-06-24 08:23:25,475 [INFO] IPUIPlugin:80 - create IPUIPlugin
2024-06-24 08:23:25,476 [INFO] PluginManager:220 - loadIPPluginJar : add mdma
2024-06-24 08:23:25,487 [INFO] IPUIPlugin:80 - create IPUIPlugin
2024-06-24 08:23:25,487 [INFO] PluginManager:220 - loadIPPluginJar : add nvic
2024-06-24 08:23:25,519 [INFO] IPUIPlugin:80 - create IPUIPlugin
2024-06-24 08:23:25,519 [INFO] PluginManager:220 - loadIPPluginJar : add opamp
2024-06-24 08:23:25,576 [INFO] IPUIPlugin:80 - create IPUIPlugin
2024-06-24 08:23:25,577 [INFO] PluginManager:220 - loadIPPluginJar : add openamp
2024-06-24 08:23:25,616 [INFO] IPUIPlugin:80 - create IPUIPlugin
2024-06-24 08:23:25,616 [INFO] PluginManager:220 - loadIPPluginJar : add pdm2pcm
2024-06-24 08:23:25,630 [INFO] IPUIPlugin:80 - create IPUIPlugin
2024-06-24 08:23:25,632 [INFO] PluginManager:220 - loadIPPluginJar : add plateformsettings
2024-06-24 08:23:25,650 [INFO] IPUIPlugin:80 - create IPUIPlugin
2024-06-24 08:23:25,650 [INFO] PluginManager:220 - loadIPPluginJar : add quadspi
2024-06-24 08:23:25,662 [INFO] IPUIPlugin:80 - create IPUIPlugin
2024-06-24 08:23:25,662 [INFO] PluginManager:220 - loadIPPluginJar : add resmgrutility
2024-06-24 08:23:25,699 [INFO] IPUIPlugin:80 - create IPUIPlugin
2024-06-24 08:23:25,699 [INFO] PluginManager:220 - loadIPPluginJar : add sai
2024-06-24 08:23:25,730 [INFO] IPUIPlugin:80 - create IPUIPlugin
2024-06-24 08:23:25,730 [INFO] PluginManager:220 - loadIPPluginJar : add spi
2024-06-24 08:23:25,784 [INFO] IPUIPlugin:80 - create IPUIPlugin
2024-06-24 08:23:25,784 [INFO] PluginManager:220 - loadIPPluginJar : add stm32_wpan
2024-06-24 08:23:25,803 [INFO] IPUIPlugin:80 - create IPUIPlugin
2024-06-24 08:23:25,804 [INFO] PluginManager:220 - loadIPPluginJar : add tim
2024-06-24 08:23:25,853 [INFO] IPUIPlugin:80 - create IPUIPlugin
2024-06-24 08:23:25,854 [INFO] PluginManager:220 - loadIPPluginJar : add touchsensing
2024-06-24 08:23:25,873 [INFO] IPUIPlugin:80 - create IPUIPlugin
2024-06-24 08:23:25,874 [INFO] PluginManager:220 - loadIPPluginJar : add tracer_emb
2024-06-24 08:23:25,896 [INFO] IPUIPlugin:80 - create IPUIPlugin
2024-06-24 08:23:25,897 [INFO] PluginManager:220 - loadIPPluginJar : add ts
2024-06-24 08:23:25,916 [INFO] IPUIPlugin:80 - create IPUIPlugin
2024-06-24 08:23:25,916 [INFO] PluginManager:220 - loadIPPluginJar : add tsc
2024-06-24 08:23:25,936 [INFO] IPUIPlugin:80 - create IPUIPlugin
2024-06-24 08:23:25,936 [INFO] PluginManager:220 - loadIPPluginJar : add ucpd
2024-06-24 08:23:25,971 [INFO] IPUIPlugin:80 - create IPUIPlugin
2024-06-24 08:23:25,971 [INFO] PluginManager:220 - loadIPPluginJar : add usart
2024-06-24 08:23:26,007 [INFO] IPUIPlugin:80 - create IPUIPlugin
2024-06-24 08:23:26,008 [INFO] PluginManager:220 - loadIPPluginJar : add usbx
2024-06-24 08:23:26,116 [INFO] CADModel:165 - CPN selected for project level
2024-06-24 08:23:26,117 [INFO] CADModel:114 - Register for checkConnection events
2024-06-24 08:23:26,117 [FATAL] Updater:308 - Updater called before beeing initialized
2024-06-24 08:23:26,117 [ERROR] CADModel:125 - Updater not yet initialized, retry later 
2024-06-24 08:23:26,213 [INFO] CADModel:165 - CPN selected for project level
2024-06-24 08:23:26,213 [INFO] CADModel:114 - Register for checkConnection events
2024-06-24 08:23:26,213 [FATAL] Updater:308 - Updater called before beeing initialized
2024-06-24 08:23:26,213 [ERROR] CADModel:125 - Updater not yet initialized, retry later 
2024-06-24 08:23:26,216 [FATAL] Updater:308 - Updater called before beeing initialized
2024-06-24 08:23:26,292 [FATAL] Updater:308 - Updater called before beeing initialized
2024-06-24 08:23:26,302 [INFO] DbMcusAds:53 - JSON generation date=Thu May 16 16:22:00 ICT 2024 (1715851320852)
2024-06-24 08:23:26,302 [FATAL] Updater:308 - Updater called before beeing initialized
2024-06-24 08:23:26,369 [WARN] DetailPanel:346 - Failed to get advertising image, set to default
2024-06-24 08:23:26,431 [FATAL] Updater:308 - Updater called before beeing initialized
2024-06-24 08:23:26,433 [FATAL] Updater:308 - Updater called before beeing initialized
2024-06-24 08:23:26,433 [FATAL] Updater:308 - Updater called before beeing initialized
2024-06-24 08:23:26,433 [WARN] DetailPanel:346 - Failed to get advertising image, set to default
2024-06-24 08:23:26,433 [FATAL] Updater:308 - Updater called before beeing initialized
2024-06-24 08:23:26,471 [ERROR] Updater:1120 - MainUpdater not yet initialized. External WinMGr cannot be set.
2024-06-24 08:23:26,480 [INFO] Updater:1056 - Updater Version found : 6.11.1
2024-06-24 08:23:26,497 [INFO] ApplicationProperties:184 - Using Application install path: C:\ST\STM32CubeIDE_1.15.1\STM32CubeIDE\plugins\com.st.stm32cube.common.mx_6.11.1.202404110753
2024-06-24 08:23:27,020 [INFO] ThirdPartyUpdaterWithRetryManager:70 - Updater plugin not ready yet. [2/15]
2024-06-24 08:23:28,073 [ERROR] LogOutputStream:75 - [STDERR_REDIRECT] Jun 24, 2024 8:23:28 AM java.util.prefs.WindowsPreferences <init>
2024-06-24 08:23:28,074 [ERROR] LogOutputStream:75 - [STDERR_REDIRECT] WARNING: Could not open/create prefs root node Software\JavaSoft\Prefs at root 0xffffffff80000002. Windows RegCreateKeyEx(...) returned error code 5.
2024-06-24 08:23:28,074 [ERROR] LogOutputStream:75 - [STDERR_REDIRECT] 
2024-06-24 08:23:28,347 [INFO] MainUpdater:2873 - connection check result : 10
2024-06-24 08:23:28,347 [INFO] MainUpdater:3567 - Updater definition file requires update
2024-06-24 08:23:28,348 [INFO] MainUpdater:290 - Updater Check For Update Now.
2024-06-24 08:23:28,349 [INFO] MicroXplorer:498 - Change Database Version : DB.6.0.111
2024-06-24 08:23:28,362 [INFO] McuFinderGlobals:63 - Set McuFinder mode to 2 (CubeIDE integrated)
2024-06-24 08:23:28,369 [INFO] UserAuth:415 - Internet connection configuration mode: 1
2024-06-24 08:23:28,395 [INFO] JxBrowserEngine:152 - Initiate JxBrowser Engine with user profile folder
2024-06-24 08:23:28,453 [INFO] ServerAccessManage:473 - Download File updaters.zip
2024-06-24 08:23:28,561 [INFO] FileExtend:240 - Unzip File : updaters.zip
2024-06-24 08:23:28,571 [INFO] FileExtend:255 - Standard Zip Deflate
2024-06-24 08:23:29,014 [INFO] ServerAccessManage:473 - Download File PacksControlFlags.xml
2024-06-24 08:23:29,117 [INFO] ServerAccessManage:473 - Download File cubemx.pidx
2024-06-24 08:23:30,021 [WARN] MainUpdater:1194 - Updater busy. Cannot search thirdparties
2024-06-24 08:23:30,021 [INFO] ThirdPartyUpdaterWithRetryManager:96 - Updater plugin is busy. [1/15]
2024-06-24 08:23:31,055 [INFO] ServerAccessManage:473 - Download File wolfSSL.I-CUBE-wolfMQTT.pdsc
2024-06-24 08:23:32,541 [ERROR] ServerAccessManage:1089 - Problem, file not found on Server
2024-06-24 08:23:32,994 [INFO] WebApp:161 - Instantiating new browser for Auth
2024-06-24 08:23:33,025 [WARN] MainUpdater:1194 - Updater busy. Cannot search thirdparties
2024-06-24 08:23:33,025 [INFO] ThirdPartyUpdaterWithRetryManager:96 - Updater plugin is busy. [2/15]
2024-06-24 08:23:34,171 [INFO] WebApp:779 - Register for checkConnection events
2024-06-24 08:23:34,172 [INFO] WebApp:414 - Apply proxy settings
2024-06-24 08:23:34,172 [INFO] WebApp:499 - Chromium requires no authentication
2024-06-24 08:23:34,178 [INFO] WebApp:442 - Direct internet connection detected
2024-06-24 08:23:34,313 [INFO] WebApp:192 - Starting web application
2024-06-24 08:23:34,313 [INFO] WebApp:544 - Web application path used C:\ST\STM32CubeIDE_1.15.1\STM32CubeIDE\plugins\com.st.stm32cube.common.mx_6.11.1.202404110753\db\plugins\mcufinder\reactClient1\index.html
2024-06-24 08:23:34,374 [INFO] ServerAccessManage:473 - Download File Cesanta.I-CUBE-Mongoose.pdsc
2024-06-24 08:23:36,026 [WARN] MainUpdater:1194 - Updater busy. Cannot search thirdparties
2024-06-24 08:23:36,026 [INFO] ThirdPartyUpdaterWithRetryManager:96 - Updater plugin is busy. [3/15]
2024-06-24 08:23:36,720 [WARN] PackLoader:240 - Cannot read IP mode file for wolfSSL.I-CUBE-wolfMQTT.1.19.0
2024-06-24 08:23:36,729 [WARN] PackLoader:240 - Cannot read IP mode file for Cesanta.I-CUBE-Mongoose.7.13.0
2024-06-24 08:23:36,730 [INFO] PopulateThirdPartyThread:66 - Ending populate Thread
2024-06-24 08:23:36,732 [INFO] ThirdParty:1030 - CMSIS Pack Vendor :wolfSSL I-CUBE-wolfMQTT 1.19.0
2024-06-24 08:23:36,732 [INFO] ThirdParty:1030 - CMSIS Pack Vendor :Cesanta I-CUBE-Mongoose 7.13.0
2024-06-24 08:23:36,732 [INFO] LoadServerUpdatesThread:375 - End of LoadServerUpdate Thread
2024-06-24 08:23:36,850 [INFO] CheckServerUpdateThread:120 - End of CheckServer Thread
2024-06-24 08:23:39,126 [WARN] PackLoader:240 - Cannot read IP mode file for STMicroelectronics.X-CUBE-SMBUS.2.1.0
2024-06-24 08:23:39,162 [WARN] PackLoader:240 - Cannot read IP mode file for STMicroelectronics.X-CUBE-AZRTOS-F7.1.1.0
2024-06-24 08:23:39,172 [WARN] PackLoader:240 - Cannot read IP mode file for STMicroelectronics.FP-SNS-FLIGHT1.5.0.2
2024-06-24 08:23:39,202 [WARN] PackLoader:240 - Cannot read IP mode file for STMicroelectronics.X-CUBE-DISPLAY.3.0.0
2024-06-24 08:23:39,221 [WARN] PackLoader:240 - Cannot read IP mode file for STMicroelectronics.X-CUBE-BLE1.7.0.0
2024-06-24 08:23:39,238 [WARN] PackLoader:240 - Cannot read IP mode file for STMicroelectronics.X-CUBE-BLEMGR.3.1.0
2024-06-24 08:23:39,256 [WARN] PackLoader:240 - Cannot read IP mode file for STMicroelectronics.FP-SNS-SMARTAG2.1.2.0
2024-06-24 08:23:39,272 [INFO] LogOutputStream:77 - [STDOUT_REDIRECT] 1 : Invalid condition id : UX_CORESTACK_Condition cause : null
2024-06-24 08:23:39,273 [INFO] LogOutputStream:77 - [STDOUT_REDIRECT] 1 : Invalid condition id : UX_CORESTACK_Condition cause : null
2024-06-24 08:23:39,273 [INFO] LogOutputStream:77 - [STDOUT_REDIRECT] 1 : Invalid condition id : UX_CORESTACK_Condition cause : null
2024-06-24 08:23:39,274 [INFO] LogOutputStream:77 - [STDOUT_REDIRECT] 1 : Invalid condition id : UX_CORESTACK_Condition cause : null
2024-06-24 08:23:39,274 [INFO] LogOutputStream:77 - [STDOUT_REDIRECT] 1 : Invalid condition id : UX_CORESTACK_Condition cause : null
2024-06-24 08:23:39,277 [WARN] PackLoader:240 - Cannot read IP mode file for STMicroelectronics.X-CUBE-AZRTOS-WL.2.0.0
2024-06-24 08:23:39,281 [WARN] PackLoader:240 - Cannot read IP mode file for wolfSSL.I-CUBE-wolfMQTT.1.19.0
2024-06-24 08:23:39,292 [WARN] PackLoader:240 - Cannot read IP mode file for WES.I-CUBE-Cesium.1.3.0
2024-06-24 08:23:39,303 [WARN] PackLoader:240 - Cannot read IP mode file for STMicroelectronics.X-CUBE-BLE2.3.3.0
2024-06-24 08:23:39,331 [WARN] PackLoader:240 - Cannot read IP mode file for STMicroelectronics.X-CUBE-AZRTOS-G0.1.1.0
2024-06-24 08:23:39,345 [WARN] PackLoader:240 - Cannot read IP mode file for STMicroelectronics.X-CUBE-NFC4.3.0.0
2024-06-24 08:23:39,351 [WARN] PackLoader:240 - Cannot read IP mode file for STMicroelectronics.FP-ATR-SIGFOX1.3.2.0
2024-06-24 08:23:39,362 [WARN] PackLoader:240 - Cannot read IP mode file for STMicroelectronics.X-CUBE-EEPRMA1.5.1.0
2024-06-24 08:23:39,393 [WARN] PackLoader:240 - Cannot read IP mode file for SEGGER.I-CUBE-embOS.1.3.1
2024-06-24 08:23:39,423 [WARN] PackLoader:240 - Cannot read IP mode file for STMicroelectronics.X-CUBE-GNSS1.6.0.0
2024-06-24 08:23:39,446 [WARN] PackLoader:240 - Cannot read IP mode file for STMicroelectronics.X-CUBE-AZRTOS-F4.1.1.0
2024-06-24 08:23:39,472 [WARN] PackLoader:240 - Cannot read IP mode file for STMicroelectronics.X-CUBE-AZRTOS-L5.2.0.0
2024-06-24 08:23:39,488 [WARN] PackLoader:240 - Cannot read IP mode file for STMicroelectronics.X-CUBE-NFC7.1.0.1
2024-06-24 08:23:39,513 [WARN] ConditionMgr:438 - getConditionDescription Invalid condition id : LAN8742 Phy interface Condition cause : null
2024-06-24 08:23:39,514 [WARN] PackLoader:240 - Cannot read IP mode file for STMicroelectronics.X-CUBE-AZRTOS-L4.2.0.0
2024-06-24 08:23:39,515 [WARN] ConditionMgr:1039 - genDependencies : Invalid condition id : LAN8742 Phy interface Condition cause : null
2024-06-24 08:23:39,515 [WARN] ConditionMgr:1039 - genDependencies : Invalid condition id : LAN8742 Phy interface Condition cause : null
2024-06-24 08:23:39,515 [WARN] ConditionMgr:1039 - genDependencies : Invalid condition id : LAN8742 Phy interface Condition cause : null
2024-06-24 08:23:39,529 [WARN] PackLoader:240 - Cannot read IP mode file for STMicroelectronics.X-CUBE-SFXS2LP1.4.0.0
2024-06-24 08:23:39,550 [WARN] ConditionMgr:438 - getConditionDescription Invalid condition id : UX DEVICE CLASS RTOS Condition cause : null
2024-06-24 08:23:39,550 [WARN] ConditionMgr:438 - getConditionDescription Invalid condition id : UX DEVICE CLASS RTOS Condition cause : null
2024-06-24 08:23:39,551 [WARN] PackLoader:240 - Cannot read IP mode file for STMicroelectronics.X-CUBE-AZRTOS-WB.2.0.0
2024-06-24 08:23:39,552 [WARN] ConditionMgr:1039 - genDependencies : Invalid condition id : UX DEVICE CLASS RTOS Condition cause : null
2024-06-24 08:23:39,552 [WARN] ConditionMgr:1039 - genDependencies : Invalid condition id : UX DEVICE CLASS RTOS Condition cause : null
2024-06-24 08:23:39,552 [WARN] ConditionMgr:1039 - genDependencies : Invalid condition id : UX DEVICE CLASS RTOS Condition cause : null
2024-06-24 08:23:39,552 [WARN] ConditionMgr:1039 - genDependencies : Invalid condition id : UX DEVICE CLASS RTOS Condition cause : null
2024-06-24 08:23:39,552 [WARN] ConditionMgr:1039 - genDependencies : Invalid condition id : UX DEVICE CLASS RTOS Condition cause : null
2024-06-24 08:23:39,568 [WARN] PackLoader:240 - Cannot read IP mode file for STMicroelectronics.X-CUBE-SUBG2.5.0.0
2024-06-24 08:23:39,573 [WARN] PackLoader:240 - Cannot read IP mode file for Cesanta.I-CUBE-Mongoose.7.13.0
2024-06-24 08:23:39,597 [WARN] PackLoader:240 - Cannot read IP mode file for STMicroelectronics.X-CUBE-AZRTOS-G4.2.0.0
2024-06-24 08:23:39,612 [WARN] PackLoader:240 - Cannot read IP mode file for STMicroelectronics.X-CUBE-ISPU.2.0.0
2024-06-24 08:23:39,648 [WARN] PackLoader:240 - Cannot read IP mode file for STMicroelectronics.X-CUBE-MEMS1.10.0.0
2024-06-24 08:23:39,735 [WARN] PackLoader:240 - Cannot read IP mode file for portGmbH.I-Cube-SoM-uGOAL.1.1.0
2024-06-24 08:23:39,740 [WARN] PackLoader:240 - Cannot read IP mode file for STMicroelectronics.FP-ATR-ASTRA1.2.0.0
2024-06-24 08:23:39,759 [WARN] PackLoader:240 - Cannot read IP mode file for STMicroelectronics.X-CUBE-TOF1.3.4.1
2024-06-24 08:23:39,795 [WARN] PackLoader:240 - Cannot read IP mode file for STMicroelectronics.X-CUBE-AZRTOS-H7.3.2.0
2024-06-24 08:23:39,797 [INFO] ThirdParty:978 - Integrity check success = true
2024-06-24 08:23:39,797 [INFO] IntegrityCheckThread:100 - exiting critical section [integrity check]
2024-06-24 08:23:39,797 [INFO] IntegrityCheckThread:103 - End integrity checks thread
2024-06-24 08:25:15,604 [INFO] McuFinderGlobals:63 - Set McuFinder mode to 2 (CubeIDE integrated)
2024-06-24 08:25:15,624 [INFO] MainUpdater:2873 - connection check result : 10
2024-06-24 08:25:15,640 [INFO] McuFinderGlobals:76 - Set McuFinderConnectedMode to true
2024-06-24 08:25:15,952 [INFO] ServerAccessManage:473 - Download File mcusAds.json._tmp_
2024-06-24 08:25:16,066 [INFO] LoadUrlFilesThread:156 - End of LoadUrlFiles Thread
2024-06-24 08:25:16,314 [INFO] ServerAccessManage:473 - Download File cube-finder-db.zip
2024-06-24 08:25:20,060 [INFO] FileExtend:240 - Unzip File : cube-finder-db.zip
2024-06-24 08:25:20,060 [INFO] FileExtend:255 - Standard Zip Deflate
2024-06-24 08:25:20,918 [INFO] LoadUrlFilesThread:156 - End of LoadUrlFiles Thread
2024-06-24 08:25:22,016 [INFO] ServerAccessManage:473 - Download File crdb.zip
2024-06-24 08:25:23,564 [INFO] FileExtend:240 - Unzip File : crdb.zip
2024-06-24 08:25:23,564 [INFO] FileExtend:255 - Standard Zip Deflate
2024-06-24 08:25:23,690 [INFO] LoadUrlFilesThread:156 - End of LoadUrlFiles Thread
2024-06-24 08:25:23,733 [INFO] ServerAccessManage:473 - Download File tutoVideoDB.zip
2024-06-24 08:25:23,746 [INFO] FileExtend:240 - Unzip File : tutoVideoDB.zip
2024-06-24 08:25:23,746 [INFO] FileExtend:255 - Standard Zip Deflate
2024-06-24 08:25:23,861 [INFO] LoadUrlFilesThread:156 - End of LoadUrlFiles Thread
2024-06-24 08:25:23,866 [WARN] DbFile:41 - Overriding database path with different value: C:\Users\PC\.stmcufinder\plugins\mcufinder/ => C:\Users\PC\.stmcufinder\plugins\mcufinder
2024-06-24 08:25:23,905 [INFO] ServerAccessManage:473 - Download File api_config.json
2024-06-24 08:25:24,012 [INFO] LoadUrlFilesThread:156 - End of LoadUrlFiles Thread
2024-06-24 08:25:24,016 [INFO] DbMcusAds:53 - JSON generation date=Thu May 16 16:22:00 ICT 2024 (1715851320852)
2024-06-24 08:25:24,043 [INFO] LoadUrlFilesThread:185 - End of LoadServerUrlFiles without Thread
2024-06-24 08:25:24,043 [INFO] TargetSelectorAdapter:259 - Refresh data is successful
2024-06-24 08:25:24,301 [INFO] ApiDb:581 - Connected to CubeFinder SQLite database (C:\Users\PC\.stmcufinder\plugins\mcufinder\mcu\cube-finder-db.db)
2024-06-24 08:25:24,339 [INFO] ApiDb:668 - CubeFinder database Data Model version=2.1
2024-06-24 08:25:24,339 [INFO] ApiDb:669 - CubeFinder database Configuration version=3.0.39
2024-06-24 08:25:24,339 [INFO] ApiDb:670 - CubeFinder database generation date=2024-06-05 (1717578087)
2024-06-24 08:25:24,339 [INFO] ApiDb:671 - CubeFinder database FW Pack versions=[FP-ATR-ASTRA1_V2.0.0, FP-SNS-FLIGHT1_V5.0.1, FP-SNS-FLIGHT1_V5.0.2, FP-SNS-MOTENV1_V4.3.1, FP-SNS-MOTENV1_V4.3.2, FP-SNS-MOTENV1_V5.0.0, FP-SNS-MOTENVWB1_V1.4.0, FP-SNS-SMARTAG2_V1.2.0, STM32Cube_FW_C0_V1.1.0, STM32Cube_FW_F4_V1.28.0, STM32Cube_FW_F7_V1.17.2, STM32Cube_FW_G0_V1.6.2, STM32Cube_FW_G4_V1.5.2, STM32Cube_FW_H5_V0.5.1, STM32Cube_FW_H5_V1.1.1, STM32Cube_FW_H5_V1.2.0, STM32Cube_FW_H5_V1.2.0RC4, STM32Cube_FW_H7RS_V1.0.0, STM32Cube_FW_H7RS_V1.0.0RC4, STM32Cube_FW_H7_V1.11.2, STM32Cube_FW_L0_V1.12.2, STM32Cube_FW_L5_V1.5.1, STM32Cube_FW_U0_V1.0.0, STM32Cube_FW_U0_V1.0.0RC1, STM32Cube_FW_U5_V1.3.0RC4, STM32Cube_FW_U5_V1.5.0, STM32Cube_FW_U5_V1.5.0RC1, STM32Cube_FW_WBA_V1.0.0RC1, STM32Cube_FW_WBA_V1.2.0, STM32Cube_FW_WBA_V1.2.0RC2, STM32Cube_FW_WBA_V1.3.0RC1, STM32Cube_FW_WBA_V1.3.1, STM32Cube_FW_WB_V1.15.0RC1, STM32Cube_FW_WB_V1.16.0, STM32Cube_FW_WB_V1.16.0RC2, STM32Cube_FW_WB_V1.18.0, STM32Cube_FW_WB_V1.19.0, STM32Cube_FW_WL_V1.3.0, X-CUBE-ALGOBUILD_V1.4.0, X-CUBE-ALS_V1.0.1, X-CUBE-ALS_V1.0.2, X-CUBE-AZRTOS-F4_V1.1.0, X-CUBE-AZRTOS-F7_V1.1.0, X-CUBE-AZRTOS-G0_V1.1.0, X-CUBE-AZRTOS-G4_V2.0.0, X-CUBE-AZRTOS-H7RS_V1.0.0, X-CUBE-AZRTOS-H7_V3.2.0, X-CUBE-AZRTOS-L4_V1.0.0, X-CUBE-AZRTOS-L4_V2.0.0, X-CUBE-AZRTOS-L5_V1.1.0, X-CUBE-AZRTOS-WB_V2.0.0, X-CUBE-AZRTOS-WL_V2.0.0, X-CUBE-BLE1_V7.0.0, X-CUBE-BLE2_V3.3.0, X-CUBE-BLEMGR_V3.1.0, X-CUBE-EEPRMA1_V4.1.0, X-CUBE-EEPRMA1_V5.1.0, X-CUBE-FREERTOS_V1.2.0, X-CUBE-GNSS1_V6.0.0, X-CUBE-MEMS1_V10.0.0, X-CUBE-MEMS1_V9.1.0, X-CUBE-MEMS1_V9.4.0, X-CUBE-MEMS1_V9.6.0, X-CUBE-NFC4_V3.0.0, X-CUBE-NFC7_V1.0.1, X-CUBE-SFXS2LP1_V4.0.0, X-CUBE-SUBG2_V5.0.0, X-CUBE-TOF1_V3.4.1]
2024-06-24 08:25:25,561 [INFO] ApiDb:240 - Found 483 in-development CPN: [B-G473E-ZEST1S, B-WB1M-WPAN1, B-WL5M-SUBG1, NUCLEO-C031C6, NUCLEO-H503RB, NUCLEO-H533RE, NUCLEO-H563ZI, NUCLEO-H7S3L8, NUCLEO-U031R8, NUCLEO-U083RC, NUCLEO-U545RE-Q, NUCLEO-U5A5ZJ-Q, NUCLEO-WBA52CG, NUCLEO-WBA55CG, STEVAL-PROTEUS1, STEVAL-SMARTAG2, STEVAL-STWINBX1, STM320518-EVAL, STM32C0116-DK, STM32C011D6Y3TR, STM32C011D6Y6TR, STM32C011F4P3, STM32C011F4P6, STM32C011F4U3, STM32C011F4U6TR, STM32C011F6P3, STM32C011F6P6, STM32C011F6U3, STM32C011F6U6TR, STM32C011J4M3, STM32C011J4M6, STM32C011J6M3, STM32C011J6M6, STM32C0316-DK, STM32C031C4T3, STM32C031C4T6, STM32C031C4U3, STM32C031C4U6, STM32C031C6T3, STM32C031C6T6, STM32C031C6U3, STM32C031C6U6, STM32C031F4P3, STM32C031F4P6, STM32C031F6P3, STM32C031F6P6, STM32C031G4U3, STM32C031G4U6, STM32C031G6U3, STM32C031G6U6, STM32C031K4T3, STM32C031K4T6, STM32C031K4U3, STM32C031K4U6, STM32C031K6T3, STM32C031K6T6, STM32C031K6U3, STM32C031K6U6, STM32G071K8TXN, STM32G071K8UXN, STM32G081GBU6N, STM32G081KBT6N, STM32G081KBUXN, STM32G0B1CCT6N, STM32G0B1KCT6, STM32G0B1NEY6TR, STM32G0B1RCT6N, STM32G0C1CCT6, STM32G0C1CCT6N, STM32G0C1CCU6N, STM32G0C1CET6N, STM32G0C1CEU6N, STM32G0C1KCT6, STM32G0C1NEY6TR, STM32G0C1RCI6N, STM32G0C1RCT6N, STM32G0C1REI6N, STM32G0C1RET6N, STM32G0C1VCI6, STM32G0C1VEI6, STM32G471CCT6, STM32G471CCU6, STM32G471CET3, STM32G471CET6, STM32G471CEU3, STM32G471CEU6, STM32G471MCT6, STM32G471MET3, STM32G471MET6, STM32G471MEY6TR, STM32G471QCT6, STM32G471QET3, STM32G471RCT6, STM32G471RET3, STM32G471RET6, STM32G471VCH6, STM32G471VCI6, STM32G471VCT6, STM32G471VEH3, STM32G471VEH6, STM32G471VEI3, STM32G471VEI6, STM32G471VET3, STM32G471VET6, STM32G474CCT6, STM32H503CBT6, STM32H503CBU6, STM32H503EBY6TR, STM32H503KBU6, STM32H503RBT6, STM32H523CCT6, STM32H523CCU6, STM32H523CET6, STM32H523CEU6, STM32H523HEY6TR, STM32H523RCT6, STM32H523RET6, STM32H523VCI6, STM32H523VCT6, STM32H523VEI6, STM32H523VET6, STM32H523ZCJ6, STM32H523ZCT6, STM32H523ZEJ6, STM32H523ZET6, STM32H533CET6, STM32H533CEU6, STM32H533HEY6TR, STM32H533RET6, STM32H533VEI6, STM32H533VET6, STM32H533ZEJ6, STM32H533ZET6, STM32H562AGI6, STM32H562AII6, STM32H562IGK6, STM32H562IGT6, STM32H562IIK6, STM32H562IIT6, STM32H562RGT6, STM32H562RGV6, STM32H562RIT6, STM32H562RIV6, STM32H562VGT6, STM32H562VIT6, STM32H562ZGT6, STM32H562ZIT6, STM32H563AGI6, STM32H563AII3Q, STM32H563AII6, STM32H563IGK6, STM32H563IGT6, STM32H563IIK3Q, STM32H563IIK6, STM32H563IIT3Q, STM32H563IIT6, STM32H563MIY3QTR, STM32H563RGT6, STM32H563RGV6, STM32H563RIT6, STM32H563RIV6, STM32H563VGT6, STM32H563VIT3Q, STM32H563VIT6, STM32H563ZGT6, STM32H563ZIT3Q, STM32H563ZIT6, STM32H573AII3Q, STM32H573AII6, STM32H573I-DK, STM32H573IIK3Q, STM32H573IIK6, STM32H573IIT3Q, STM32H573IIT6, STM32H573MIY3QTR, STM32H573RIT6, STM32H573RIV6, STM32H573VIT3Q, STM32H573VIT6, STM32H573ZIT3Q, STM32H573ZIT6, STM32H7R3A8I6, STM32H7R3I8K6, STM32H7R3I8T6, STM32H7R3L8H6, STM32H7R3L8H6H, STM32H7R3R8V6, STM32H7R3V8H6, STM32H7R3V8T6, STM32H7R3V8Y6, STM32H7R3Z8J6, STM32H7R3Z8T6, STM32H7R7A8I6, STM32H7R7I8K6, STM32H7R7I8T6, STM32H7R7L8H6, STM32H7R7L8H6H, STM32H7R7Z8J6, STM32H7S3A8I6, STM32H7S3I8K6, STM32H7S3I8T6, STM32H7S3L8H6, STM32H7S3L8H6H, STM32H7S3R8V6, STM32H7S3V8H6, STM32H7S3V8T6, STM32H7S3V8Y6, STM32H7S3Z8J6, STM32H7S3Z8T6, STM32H7S78-DK, STM32H7S7A8I6, STM32H7S7I8K6, STM32H7S7I8T6, STM32H7S7L8H6, STM32H7S7L8H6H, STM32H7S7Z8J6, STM32L4R5QGI6STR, STM32MP131AAE3, STM32MP131AAF3, STM32MP131AAG3, STM32MP131CAE3, STM32MP131CAF3, STM32MP131CAG3, STM32MP131DAE7, STM32MP131DAF7, STM32MP131DAG7, STM32MP131FAE7, STM32MP131FAF7, STM32MP131FAG7, STM32MP133AAE3, STM32MP133AAF3, STM32MP133AAG3, STM32MP133CAE3, STM32MP133CAF3, STM32MP133CAG3, STM32MP133DAE7, STM32MP133DAF7, STM32MP133DAG7, STM32MP133FAE7, STM32MP133FAF7, STM32MP133FAG7, STM32MP135AAE3, STM32MP135AAF3, STM32MP135AAG3, STM32MP135CAE3, STM32MP135CAF3, STM32MP135CAG3, STM32MP135DAE7, STM32MP135DAF7, STM32MP135DAG7, STM32MP135F-DK, STM32MP135FAE7, STM32MP135FAF7, STM32MP135FAF7T, STM32MP135FAF7U, STM32MP135FAG7, STM32U031C6T6, STM32U031C6U6, STM32U031C8T6, STM32U031C8U6, STM32U031F4P6, STM32U031F6P6, STM32U031F8P6, STM32U031G6Y6TR, STM32U031G8Y6TR, STM32U031K4U6, STM32U031K6U6, STM32U031K8U6, STM32U031R6I6, STM32U031R6T6, STM32U031R8I6, STM32U031R8T6, STM32U073C8T6, STM32U073C8U6, STM32U073CBT6, STM32U073CBU6, STM32U073CCT6, STM32U073CCU6, STM32U073H8Y6TR, STM32U073HBY6TR, STM32U073HCY6TR, STM32U073K8U6, STM32U073KBU6, STM32U073KCU6, STM32U073M8I6, STM32U073M8T6, STM32U073MBI6, STM32U073MBT6, STM32U073MCI6, STM32U073MCT6, STM32U073R8I6, STM32U073R8T6, STM32U073RBI6, STM32U073RBT6, STM32U073RCI6, STM32U073RCT6, STM32U083C-DK, STM32U083CCT6, STM32U083CCU6, STM32U083HCY6TR, STM32U083KCU6, STM32U083MCI6, STM32U083MCT6, STM32U083RCI6, STM32U083RCT6, STM32U535CBT6, STM32U535CBT6Q, STM32U535CBU6, STM32U535CBU6Q, STM32U535CCT6, STM32U535CCT6Q, STM32U535CCU6, STM32U535CCU6Q, STM32U535CET6, STM32U535CET6Q, STM32U535CEU6, STM32U535CEU6Q, STM32U535JEY6QTR, STM32U535NCY6QTR, STM32U535NEY6QTR, STM32U535RBI6, STM32U535RBI6Q, STM32U535RBT6, STM32U535RBT6Q, STM32U535RCI6, STM32U535RCI6Q, STM32U535RCT6, STM32U535RCT6Q, STM32U535REI6, STM32U535REI6Q, STM32U535RET6, STM32U535RET6Q, STM32U535VCI6, STM32U535VCI6Q, STM32U535VCT6, STM32U535VCT6Q, STM32U535VEI6, STM32U535VEI6Q, STM32U535VET6, STM32U535VET6Q, STM32U545CET6, STM32U545CET6Q, STM32U545CEU6, STM32U545CEU6Q, STM32U545JEY6QTR, STM32U545NEY6QTR, STM32U545REI6, STM32U545REI6Q, STM32U545RET6, STM32U545RET6Q, STM32U545VEI6, STM32U545VEI6Q, STM32U545VET6, STM32U545VET6Q, STM32U595AIH6, STM32U595AIH6Q, STM32U595AJH6, STM32U595AJH6Q, STM32U595QII6, STM32U595QII6Q, STM32U595QJI6, STM32U595QJI6Q, STM32U595RIT6, STM32U595RIT6Q, STM32U595RJT6, STM32U595RJT6Q, STM32U595VIT6, STM32U595VIT6Q, STM32U595VJT6, STM32U595VJT6Q, STM32U595ZIT6, STM32U595ZIT6Q, STM32U595ZIY6QTR, STM32U595ZJT6, STM32U595ZJT6Q, STM32U595ZJY6QTR, STM32U599BJY6QTR, STM32U599NIH6Q, STM32U599NJH6Q, STM32U599VIT6Q, STM32U599VJT6, STM32U599VJT6Q, STM32U599ZIT6Q, STM32U599ZIY6QTR, STM32U599ZJT6Q, STM32U599ZJY6QTR, STM32U5A5AJH6, STM32U5A5AJH6Q, STM32U5A5QII3Q , STM32U5A5QJI6, STM32U5A5QJI6Q, STM32U5A5RJT6, STM32U5A5RJT6Q, STM32U5A5VJT6, STM32U5A5VJT6Q, STM32U5A5ZJT6, STM32U5A5ZJT6Q, STM32U5A5ZJY6QTR, STM32U5A9BJY6QTR, STM32U5A9J-DK, STM32U5A9NJH6Q, STM32U5A9VJT6Q, STM32U5A9ZJT6Q, STM32U5A9ZJY6QTR, STM32U5F7VIT6, STM32U5F7VIT6Q, STM32U5F7VJT6, STM32U5F7VJT6Q, STM32U5F9BJY6QTR, STM32U5F9NJH6Q, STM32U5F9VIT6Q, STM32U5F9VJT6Q, STM32U5F9ZIJ6QTR, STM32U5F9ZIT6Q, STM32U5F9ZJJ6QTR, STM32U5F9ZJT6Q, STM32U5G7VJT6, STM32U5G7VJT6Q, STM32U5G9BJY6QTR, STM32U5G9J-DK1, STM32U5G9J-DK2, STM32U5G9NJH6Q, STM32U5G9VJT6Q, STM32U5G9ZJJ6QTR, STM32U5G9ZJT6Q, STM32WB1MMCH6, STM32WBA50KEU6, STM32WBA50KEU6TR, STM32WBA50KGU6, STM32WBA50KGU6TR, STM32WBA52CEU6, STM32WBA52CEU6TR, STM32WBA52CEU7, STM32WBA52CEU7TR, STM32WBA52CGU6, STM32WBA52CGU6TR, STM32WBA52CGU6U, STM32WBA52CGU7, STM32WBA52CGU7TR, STM32WBA52KEU6, STM32WBA52KEU6TR, STM32WBA52KGU6, STM32WBA52KGU6TR, STM32WBA54CEU6, STM32WBA54CEU6TR, STM32WBA54CEU7, STM32WBA54CEU7TR, STM32WBA54CGU6, STM32WBA54CGU6TR, STM32WBA54CGU7, STM32WBA54CGU7TR, STM32WBA54KEU6, STM32WBA54KEU6TR, STM32WBA54KEU7, STM32WBA54KEU7TR, STM32WBA54KGU6, STM32WBA54KGU6TR, STM32WBA54KGU7, STM32WBA54KGU7TR, STM32WBA55CEU6, STM32WBA55CEU6TR, STM32WBA55CEU7, STM32WBA55CEU7TR, STM32WBA55CGU6, STM32WBA55CGU6TR, STM32WBA55CGU6U, STM32WBA55CGU7, STM32WBA55CGU7TR, STM32WBA55G-DK1, STM32WBA55HEF6, STM32WBA55HEF7, STM32WBA55HGF6, STM32WBA55HGF7, STM32WBA55UEI6, STM32WBA55UEI6TR, STM32WBA55UEI7, STM32WBA55UEI7TR, STM32WBA55UGI6, STM32WBA55UGI6TR, STM32WBA55UGI7, STM32WBA55UGI7TR, STM32WL5MOCH6, STM32WL5MOCH6TR]
2024-06-24 08:25:25,564 [INFO] DbMcus:218 - Found 4096 MCUs, 4096 are supported
2024-06-24 08:25:25,565 [INFO] ApiDb:423 - Load user favorites file C:\Users\PC/.stm32cubeide/favorites.mcus.txt: 0 item(s)
2024-06-24 08:25:25,565 [INFO] ApiDb:427 - User favorites MCUs=[]
2024-06-24 08:25:25,565 [INFO] DbMcus:224 - Set 0 / 0 favorites MCUs
2024-06-24 08:25:25,807 [INFO] ApiDb:668 - CubeFinder database Data Model version=2.1
2024-06-24 08:25:25,808 [INFO] ApiDb:669 - CubeFinder database Configuration version=3.0.39
2024-06-24 08:25:25,808 [INFO] ApiDb:670 - CubeFinder database generation date=2024-06-05 (1717578087)
2024-06-24 08:25:25,808 [INFO] ApiDb:671 - CubeFinder database FW Pack versions=[FP-ATR-ASTRA1_V2.0.0, FP-SNS-FLIGHT1_V5.0.1, FP-SNS-FLIGHT1_V5.0.2, FP-SNS-MOTENV1_V4.3.1, FP-SNS-MOTENV1_V4.3.2, FP-SNS-MOTENV1_V5.0.0, FP-SNS-MOTENVWB1_V1.4.0, FP-SNS-SMARTAG2_V1.2.0, STM32Cube_FW_C0_V1.1.0, STM32Cube_FW_F4_V1.28.0, STM32Cube_FW_F7_V1.17.2, STM32Cube_FW_G0_V1.6.2, STM32Cube_FW_G4_V1.5.2, STM32Cube_FW_H5_V0.5.1, STM32Cube_FW_H5_V1.1.1, STM32Cube_FW_H5_V1.2.0, STM32Cube_FW_H5_V1.2.0RC4, STM32Cube_FW_H7RS_V1.0.0, STM32Cube_FW_H7RS_V1.0.0RC4, STM32Cube_FW_H7_V1.11.2, STM32Cube_FW_L0_V1.12.2, STM32Cube_FW_L5_V1.5.1, STM32Cube_FW_U0_V1.0.0, STM32Cube_FW_U0_V1.0.0RC1, STM32Cube_FW_U5_V1.3.0RC4, STM32Cube_FW_U5_V1.5.0, STM32Cube_FW_U5_V1.5.0RC1, STM32Cube_FW_WBA_V1.0.0RC1, STM32Cube_FW_WBA_V1.2.0, STM32Cube_FW_WBA_V1.2.0RC2, STM32Cube_FW_WBA_V1.3.0RC1, STM32Cube_FW_WBA_V1.3.1, STM32Cube_FW_WB_V1.15.0RC1, STM32Cube_FW_WB_V1.16.0, STM32Cube_FW_WB_V1.16.0RC2, STM32Cube_FW_WB_V1.18.0, STM32Cube_FW_WB_V1.19.0, STM32Cube_FW_WL_V1.3.0, X-CUBE-ALGOBUILD_V1.4.0, X-CUBE-ALS_V1.0.1, X-CUBE-ALS_V1.0.2, X-CUBE-AZRTOS-F4_V1.1.0, X-CUBE-AZRTOS-F7_V1.1.0, X-CUBE-AZRTOS-G0_V1.1.0, X-CUBE-AZRTOS-G4_V2.0.0, X-CUBE-AZRTOS-H7RS_V1.0.0, X-CUBE-AZRTOS-H7_V3.2.0, X-CUBE-AZRTOS-L4_V1.0.0, X-CUBE-AZRTOS-L4_V2.0.0, X-CUBE-AZRTOS-L5_V1.1.0, X-CUBE-AZRTOS-WB_V2.0.0, X-CUBE-AZRTOS-WL_V2.0.0, X-CUBE-BLE1_V7.0.0, X-CUBE-BLE2_V3.3.0, X-CUBE-BLEMGR_V3.1.0, X-CUBE-EEPRMA1_V4.1.0, X-CUBE-EEPRMA1_V5.1.0, X-CUBE-FREERTOS_V1.2.0, X-CUBE-GNSS1_V6.0.0, X-CUBE-MEMS1_V10.0.0, X-CUBE-MEMS1_V9.1.0, X-CUBE-MEMS1_V9.4.0, X-CUBE-MEMS1_V9.6.0, X-CUBE-NFC4_V3.0.0, X-CUBE-NFC7_V1.0.1, X-CUBE-SFXS2LP1_V4.0.0, X-CUBE-SUBG2_V5.0.0, X-CUBE-TOF1_V3.4.1]
2024-06-24 08:25:25,843 [INFO] DbBoardsSqlite:226 - include board P-NUCLEO-WB55-NUCLEO as a kit item of type 'Nucleo-64'
2024-06-24 08:25:25,843 [INFO] DbBoardsSqlite:226 - include board P-NUCLEO-WB55-USBDONGLE as a kit item of type 'Nucleo USB Dongle'
2024-06-24 08:25:25,843 [INFO] DbBoardsSqlite:226 - include board STEVAL-IDP005V1 as a kit item of type 'Evaluation Board'
2024-06-24 08:25:25,843 [INFO] DbBoardsSqlite:226 - include board STEVAL-IDP005V2 as a kit item of type 'Evaluation Board'
2024-06-24 08:25:25,875 [INFO] ApiDb:240 - Found 483 in-development CPN: [B-G473E-ZEST1S, B-WB1M-WPAN1, B-WL5M-SUBG1, NUCLEO-C031C6, NUCLEO-H503RB, NUCLEO-H533RE, NUCLEO-H563ZI, NUCLEO-H7S3L8, NUCLEO-U031R8, NUCLEO-U083RC, NUCLEO-U545RE-Q, NUCLEO-U5A5ZJ-Q, NUCLEO-WBA52CG, NUCLEO-WBA55CG, STEVAL-PROTEUS1, STEVAL-SMARTAG2, STEVAL-STWINBX1, STM320518-EVAL, STM32C0116-DK, STM32C011D6Y3TR, STM32C011D6Y6TR, STM32C011F4P3, STM32C011F4P6, STM32C011F4U3, STM32C011F4U6TR, STM32C011F6P3, STM32C011F6P6, STM32C011F6U3, STM32C011F6U6TR, STM32C011J4M3, STM32C011J4M6, STM32C011J6M3, STM32C011J6M6, STM32C0316-DK, STM32C031C4T3, STM32C031C4T6, STM32C031C4U3, STM32C031C4U6, STM32C031C6T3, STM32C031C6T6, STM32C031C6U3, STM32C031C6U6, STM32C031F4P3, STM32C031F4P6, STM32C031F6P3, STM32C031F6P6, STM32C031G4U3, STM32C031G4U6, STM32C031G6U3, STM32C031G6U6, STM32C031K4T3, STM32C031K4T6, STM32C031K4U3, STM32C031K4U6, STM32C031K6T3, STM32C031K6T6, STM32C031K6U3, STM32C031K6U6, STM32G071K8TXN, STM32G071K8UXN, STM32G081GBU6N, STM32G081KBT6N, STM32G081KBUXN, STM32G0B1CCT6N, STM32G0B1KCT6, STM32G0B1NEY6TR, STM32G0B1RCT6N, STM32G0C1CCT6, STM32G0C1CCT6N, STM32G0C1CCU6N, STM32G0C1CET6N, STM32G0C1CEU6N, STM32G0C1KCT6, STM32G0C1NEY6TR, STM32G0C1RCI6N, STM32G0C1RCT6N, STM32G0C1REI6N, STM32G0C1RET6N, STM32G0C1VCI6, STM32G0C1VEI6, STM32G471CCT6, STM32G471CCU6, STM32G471CET3, STM32G471CET6, STM32G471CEU3, STM32G471CEU6, STM32G471MCT6, STM32G471MET3, STM32G471MET6, STM32G471MEY6TR, STM32G471QCT6, STM32G471QET3, STM32G471RCT6, STM32G471RET3, STM32G471RET6, STM32G471VCH6, STM32G471VCI6, STM32G471VCT6, STM32G471VEH3, STM32G471VEH6, STM32G471VEI3, STM32G471VEI6, STM32G471VET3, STM32G471VET6, STM32G474CCT6, STM32H503CBT6, STM32H503CBU6, STM32H503EBY6TR, STM32H503KBU6, STM32H503RBT6, STM32H523CCT6, STM32H523CCU6, STM32H523CET6, STM32H523CEU6, STM32H523HEY6TR, STM32H523RCT6, STM32H523RET6, STM32H523VCI6, STM32H523VCT6, STM32H523VEI6, STM32H523VET6, STM32H523ZCJ6, STM32H523ZCT6, STM32H523ZEJ6, STM32H523ZET6, STM32H533CET6, STM32H533CEU6, STM32H533HEY6TR, STM32H533RET6, STM32H533VEI6, STM32H533VET6, STM32H533ZEJ6, STM32H533ZET6, STM32H562AGI6, STM32H562AII6, STM32H562IGK6, STM32H562IGT6, STM32H562IIK6, STM32H562IIT6, STM32H562RGT6, STM32H562RGV6, STM32H562RIT6, STM32H562RIV6, STM32H562VGT6, STM32H562VIT6, STM32H562ZGT6, STM32H562ZIT6, STM32H563AGI6, STM32H563AII3Q, STM32H563AII6, STM32H563IGK6, STM32H563IGT6, STM32H563IIK3Q, STM32H563IIK6, STM32H563IIT3Q, STM32H563IIT6, STM32H563MIY3QTR, STM32H563RGT6, STM32H563RGV6, STM32H563RIT6, STM32H563RIV6, STM32H563VGT6, STM32H563VIT3Q, STM32H563VIT6, STM32H563ZGT6, STM32H563ZIT3Q, STM32H563ZIT6, STM32H573AII3Q, STM32H573AII6, STM32H573I-DK, STM32H573IIK3Q, STM32H573IIK6, STM32H573IIT3Q, STM32H573IIT6, STM32H573MIY3QTR, STM32H573RIT6, STM32H573RIV6, STM32H573VIT3Q, STM32H573VIT6, STM32H573ZIT3Q, STM32H573ZIT6, STM32H7R3A8I6, STM32H7R3I8K6, STM32H7R3I8T6, STM32H7R3L8H6, STM32H7R3L8H6H, STM32H7R3R8V6, STM32H7R3V8H6, STM32H7R3V8T6, STM32H7R3V8Y6, STM32H7R3Z8J6, STM32H7R3Z8T6, STM32H7R7A8I6, STM32H7R7I8K6, STM32H7R7I8T6, STM32H7R7L8H6, STM32H7R7L8H6H, STM32H7R7Z8J6, STM32H7S3A8I6, STM32H7S3I8K6, STM32H7S3I8T6, STM32H7S3L8H6, STM32H7S3L8H6H, STM32H7S3R8V6, STM32H7S3V8H6, STM32H7S3V8T6, STM32H7S3V8Y6, STM32H7S3Z8J6, STM32H7S3Z8T6, STM32H7S78-DK, STM32H7S7A8I6, STM32H7S7I8K6, STM32H7S7I8T6, STM32H7S7L8H6, STM32H7S7L8H6H, STM32H7S7Z8J6, STM32L4R5QGI6STR, STM32MP131AAE3, STM32MP131AAF3, STM32MP131AAG3, STM32MP131CAE3, STM32MP131CAF3, STM32MP131CAG3, STM32MP131DAE7, STM32MP131DAF7, STM32MP131DAG7, STM32MP131FAE7, STM32MP131FAF7, STM32MP131FAG7, STM32MP133AAE3, STM32MP133AAF3, STM32MP133AAG3, STM32MP133CAE3, STM32MP133CAF3, STM32MP133CAG3, STM32MP133DAE7, STM32MP133DAF7, STM32MP133DAG7, STM32MP133FAE7, STM32MP133FAF7, STM32MP133FAG7, STM32MP135AAE3, STM32MP135AAF3, STM32MP135AAG3, STM32MP135CAE3, STM32MP135CAF3, STM32MP135CAG3, STM32MP135DAE7, STM32MP135DAF7, STM32MP135DAG7, STM32MP135F-DK, STM32MP135FAE7, STM32MP135FAF7, STM32MP135FAF7T, STM32MP135FAF7U, STM32MP135FAG7, STM32U031C6T6, STM32U031C6U6, STM32U031C8T6, STM32U031C8U6, STM32U031F4P6, STM32U031F6P6, STM32U031F8P6, STM32U031G6Y6TR, STM32U031G8Y6TR, STM32U031K4U6, STM32U031K6U6, STM32U031K8U6, STM32U031R6I6, STM32U031R6T6, STM32U031R8I6, STM32U031R8T6, STM32U073C8T6, STM32U073C8U6, STM32U073CBT6, STM32U073CBU6, STM32U073CCT6, STM32U073CCU6, STM32U073H8Y6TR, STM32U073HBY6TR, STM32U073HCY6TR, STM32U073K8U6, STM32U073KBU6, STM32U073KCU6, STM32U073M8I6, STM32U073M8T6, STM32U073MBI6, STM32U073MBT6, STM32U073MCI6, STM32U073MCT6, STM32U073R8I6, STM32U073R8T6, STM32U073RBI6, STM32U073RBT6, STM32U073RCI6, STM32U073RCT6, STM32U083C-DK, STM32U083CCT6, STM32U083CCU6, STM32U083HCY6TR, STM32U083KCU6, STM32U083MCI6, STM32U083MCT6, STM32U083RCI6, STM32U083RCT6, STM32U535CBT6, STM32U535CBT6Q, STM32U535CBU6, STM32U535CBU6Q, STM32U535CCT6, STM32U535CCT6Q, STM32U535CCU6, STM32U535CCU6Q, STM32U535CET6, STM32U535CET6Q, STM32U535CEU6, STM32U535CEU6Q, STM32U535JEY6QTR, STM32U535NCY6QTR, STM32U535NEY6QTR, STM32U535RBI6, STM32U535RBI6Q, STM32U535RBT6, STM32U535RBT6Q, STM32U535RCI6, STM32U535RCI6Q, STM32U535RCT6, STM32U535RCT6Q, STM32U535REI6, STM32U535REI6Q, STM32U535RET6, STM32U535RET6Q, STM32U535VCI6, STM32U535VCI6Q, STM32U535VCT6, STM32U535VCT6Q, STM32U535VEI6, STM32U535VEI6Q, STM32U535VET6, STM32U535VET6Q, STM32U545CET6, STM32U545CET6Q, STM32U545CEU6, STM32U545CEU6Q, STM32U545JEY6QTR, STM32U545NEY6QTR, STM32U545REI6, STM32U545REI6Q, STM32U545RET6, STM32U545RET6Q, STM32U545VEI6, STM32U545VEI6Q, STM32U545VET6, STM32U545VET6Q, STM32U595AIH6, STM32U595AIH6Q, STM32U595AJH6, STM32U595AJH6Q, STM32U595QII6, STM32U595QII6Q, STM32U595QJI6, STM32U595QJI6Q, STM32U595RIT6, STM32U595RIT6Q, STM32U595RJT6, STM32U595RJT6Q, STM32U595VIT6, STM32U595VIT6Q, STM32U595VJT6, STM32U595VJT6Q, STM32U595ZIT6, STM32U595ZIT6Q, STM32U595ZIY6QTR, STM32U595ZJT6, STM32U595ZJT6Q, STM32U595ZJY6QTR, STM32U599BJY6QTR, STM32U599NIH6Q, STM32U599NJH6Q, STM32U599VIT6Q, STM32U599VJT6, STM32U599VJT6Q, STM32U599ZIT6Q, STM32U599ZIY6QTR, STM32U599ZJT6Q, STM32U599ZJY6QTR, STM32U5A5AJH6, STM32U5A5AJH6Q, STM32U5A5QII3Q , STM32U5A5QJI6, STM32U5A5QJI6Q, STM32U5A5RJT6, STM32U5A5RJT6Q, STM32U5A5VJT6, STM32U5A5VJT6Q, STM32U5A5ZJT6, STM32U5A5ZJT6Q, STM32U5A5ZJY6QTR, STM32U5A9BJY6QTR, STM32U5A9J-DK, STM32U5A9NJH6Q, STM32U5A9VJT6Q, STM32U5A9ZJT6Q, STM32U5A9ZJY6QTR, STM32U5F7VIT6, STM32U5F7VIT6Q, STM32U5F7VJT6, STM32U5F7VJT6Q, STM32U5F9BJY6QTR, STM32U5F9NJH6Q, STM32U5F9VIT6Q, STM32U5F9VJT6Q, STM32U5F9ZIJ6QTR, STM32U5F9ZIT6Q, STM32U5F9ZJJ6QTR, STM32U5F9ZJT6Q, STM32U5G7VJT6, STM32U5G7VJT6Q, STM32U5G9BJY6QTR, STM32U5G9J-DK1, STM32U5G9J-DK2, STM32U5G9NJH6Q, STM32U5G9VJT6Q, STM32U5G9ZJJ6QTR, STM32U5G9ZJT6Q, STM32WB1MMCH6, STM32WBA50KEU6, STM32WBA50KEU6TR, STM32WBA50KGU6, STM32WBA50KGU6TR, STM32WBA52CEU6, STM32WBA52CEU6TR, STM32WBA52CEU7, STM32WBA52CEU7TR, STM32WBA52CGU6, STM32WBA52CGU6TR, STM32WBA52CGU6U, STM32WBA52CGU7, STM32WBA52CGU7TR, STM32WBA52KEU6, STM32WBA52KEU6TR, STM32WBA52KGU6, STM32WBA52KGU6TR, STM32WBA54CEU6, STM32WBA54CEU6TR, STM32WBA54CEU7, STM32WBA54CEU7TR, STM32WBA54CGU6, STM32WBA54CGU6TR, STM32WBA54CGU7, STM32WBA54CGU7TR, STM32WBA54KEU6, STM32WBA54KEU6TR, STM32WBA54KEU7, STM32WBA54KEU7TR, STM32WBA54KGU6, STM32WBA54KGU6TR, STM32WBA54KGU7, STM32WBA54KGU7TR, STM32WBA55CEU6, STM32WBA55CEU6TR, STM32WBA55CEU7, STM32WBA55CEU7TR, STM32WBA55CGU6, STM32WBA55CGU6TR, STM32WBA55CGU6U, STM32WBA55CGU7, STM32WBA55CGU7TR, STM32WBA55G-DK1, STM32WBA55HEF6, STM32WBA55HEF7, STM32WBA55HGF6, STM32WBA55HGF7, STM32WBA55UEI6, STM32WBA55UEI6TR, STM32WBA55UEI7, STM32WBA55UEI7TR, STM32WBA55UGI6, STM32WBA55UGI6TR, STM32WBA55UGI7, STM32WBA55UGI7TR, STM32WL5MOCH6, STM32WL5MOCH6TR]
2024-06-24 08:25:25,992 [INFO] BoardInfo:889 - No configuration file found for board P-NUCLEO-WB55
2024-06-24 08:25:25,993 [INFO] DbBoards:161 - Kit is not supported: P-NUCLEO-WB55
2024-06-24 08:25:25,998 [INFO] BoardInfo:889 - No configuration file found for board STEVAL-BFA001V1B
2024-06-24 08:25:25,998 [INFO] DbBoards:161 - Kit is not supported: STEVAL-BFA001V1B
2024-06-24 08:25:25,999 [INFO] BoardInfo:889 - No configuration file found for board STEVAL-BFA001V2B
2024-06-24 08:25:25,999 [INFO] DbBoards:161 - Kit is not supported: STEVAL-BFA001V2B
2024-06-24 08:25:26,081 [INFO] DbBoards:168 - Found 199 boards, 196 are supported
2024-06-24 08:25:26,081 [INFO] DbBoards:169 - Found 199 boards, 8 of them is supported for  Bsp
2024-06-24 08:25:26,083 [INFO] ApiDb:414 - User favorites file not found: C:\Users\PC/.stm32cubeide/favorites.boards.txt
2024-06-24 08:25:26,083 [INFO] DbBoards:198 - Set 0 / 0 favorites Boards
2024-06-24 08:25:26,085 [INFO] ApiDb:668 - CubeFinder database Data Model version=2.1
2024-06-24 08:25:26,085 [INFO] ApiDb:669 - CubeFinder database Configuration version=3.0.39
2024-06-24 08:25:26,085 [INFO] ApiDb:670 - CubeFinder database generation date=2024-06-05 (1717578087)
2024-06-24 08:25:26,085 [INFO] ApiDb:671 - CubeFinder database FW Pack versions=[FP-ATR-ASTRA1_V2.0.0, FP-SNS-FLIGHT1_V5.0.1, FP-SNS-FLIGHT1_V5.0.2, FP-SNS-MOTENV1_V4.3.1, FP-SNS-MOTENV1_V4.3.2, FP-SNS-MOTENV1_V5.0.0, FP-SNS-MOTENVWB1_V1.4.0, FP-SNS-SMARTAG2_V1.2.0, STM32Cube_FW_C0_V1.1.0, STM32Cube_FW_F4_V1.28.0, STM32Cube_FW_F7_V1.17.2, STM32Cube_FW_G0_V1.6.2, STM32Cube_FW_G4_V1.5.2, STM32Cube_FW_H5_V0.5.1, STM32Cube_FW_H5_V1.1.1, STM32Cube_FW_H5_V1.2.0, STM32Cube_FW_H5_V1.2.0RC4, STM32Cube_FW_H7RS_V1.0.0, STM32Cube_FW_H7RS_V1.0.0RC4, STM32Cube_FW_H7_V1.11.2, STM32Cube_FW_L0_V1.12.2, STM32Cube_FW_L5_V1.5.1, STM32Cube_FW_U0_V1.0.0, STM32Cube_FW_U0_V1.0.0RC1, STM32Cube_FW_U5_V1.3.0RC4, STM32Cube_FW_U5_V1.5.0, STM32Cube_FW_U5_V1.5.0RC1, STM32Cube_FW_WBA_V1.0.0RC1, STM32Cube_FW_WBA_V1.2.0, STM32Cube_FW_WBA_V1.2.0RC2, STM32Cube_FW_WBA_V1.3.0RC1, STM32Cube_FW_WBA_V1.3.1, STM32Cube_FW_WB_V1.15.0RC1, STM32Cube_FW_WB_V1.16.0, STM32Cube_FW_WB_V1.16.0RC2, STM32Cube_FW_WB_V1.18.0, STM32Cube_FW_WB_V1.19.0, STM32Cube_FW_WL_V1.3.0, X-CUBE-ALGOBUILD_V1.4.0, X-CUBE-ALS_V1.0.1, X-CUBE-ALS_V1.0.2, X-CUBE-AZRTOS-F4_V1.1.0, X-CUBE-AZRTOS-F7_V1.1.0, X-CUBE-AZRTOS-G0_V1.1.0, X-CUBE-AZRTOS-G4_V2.0.0, X-CUBE-AZRTOS-H7RS_V1.0.0, X-CUBE-AZRTOS-H7_V3.2.0, X-CUBE-AZRTOS-L4_V1.0.0, X-CUBE-AZRTOS-L4_V2.0.0, X-CUBE-AZRTOS-L5_V1.1.0, X-CUBE-AZRTOS-WB_V2.0.0, X-CUBE-AZRTOS-WL_V2.0.0, X-CUBE-BLE1_V7.0.0, X-CUBE-BLE2_V3.3.0, X-CUBE-BLEMGR_V3.1.0, X-CUBE-EEPRMA1_V4.1.0, X-CUBE-EEPRMA1_V5.1.0, X-CUBE-FREERTOS_V1.2.0, X-CUBE-GNSS1_V6.0.0, X-CUBE-MEMS1_V10.0.0, X-CUBE-MEMS1_V9.1.0, X-CUBE-MEMS1_V9.4.0, X-CUBE-MEMS1_V9.6.0, X-CUBE-NFC4_V3.0.0, X-CUBE-NFC7_V1.0.1, X-CUBE-SFXS2LP1_V4.0.0, X-CUBE-SUBG2_V5.0.0, X-CUBE-TOF1_V3.4.1]
2024-06-24 08:25:26,653 [ERROR] DbExamplesSqlite:437 - Missing JSON key: board_cpn
2024-06-24 08:25:26,653 [ERROR] DbExamplesSqlite:437 - Missing JSON key: board_cpn
2024-06-24 08:25:26,653 [ERROR] DbExamplesSqlite:437 - Missing JSON key: board_cpn
2024-06-24 08:25:26,653 [ERROR] DbExamplesSqlite:437 - Missing JSON key: board_cpn
2024-06-24 08:25:26,718 [INFO] DbExamplesSqlite:395 - Ignored 57 examples not supported by CubeIDE
2024-06-24 08:25:26,718 [INFO] DbExamplesSqlite:396 - Found 8190 examples active
2024-06-24 08:25:26,718 [INFO] DbExamplesSqlite:397 - Found 876 examples obsolete
2024-06-24 08:25:26,718 [INFO] DbExamplesSqlite:398 - Found 0 examples under development
2024-06-24 08:25:26,718 [INFO] DbExamplesSqlite:399 - Found 10 examples not building
2024-06-24 08:25:26,719 [INFO] DbExamples:125 - Found 8143 examples
2024-06-24 08:25:26,726 [INFO] DbExamples:222 - Found 101 boards with related examples
2024-06-24 08:25:26,727 [INFO] DbExamples:235 - Found 86 MCUs with related examples
2024-06-24 08:25:26,737 [INFO] ApiDb:414 - User favorites file not found: C:\Users\PC/.stm32cubeide/favorites.examples.txt
2024-06-24 08:25:26,737 [INFO] DbExamples:250 - Set 0 / 0 favorites Examples
2024-06-24 08:25:27,078 [INFO] McuFinderGlobals:76 - Set McuFinderConnectedMode to true
2024-06-24 08:25:27,089 [INFO] MultiScanPanel:200 - Auto-refresh data requested => check proxy status ongoing
2024-06-24 08:25:27,093 [INFO] FinderPluginLoader:95 - Searching for filters in installed packs
2024-06-24 08:25:27,984 [INFO] LoadUrlFilesThread:185 - End of LoadServerUrlFiles without Thread
2024-06-24 08:25:28,002 [INFO] DetailPanel:341 - Set advertising image to C:/Users/PC/STM32Cube/Repository/\en.prom-stm32h7rs-mcu-finder.jpg
2024-06-24 08:26:02,219 [INFO] MainUpdater:2873 - connection check result : 10
2024-06-24 08:26:02,219 [INFO] MainUpdater:2873 - connection check result : 10
2024-06-24 08:26:02,258 [INFO] MicroXplorer:468 - Change Database Path : 
2024-06-24 08:26:02,258 [INFO] MicroXplorer:498 - Change Database Version : DB.6.0.111
2024-06-24 08:26:02,265 [WARN] ThirdParty:871 - waiting for thirdparty lock release [close project]
2024-06-24 08:26:02,265 [INFO] ThirdParty:873 - entering critical section [close project]
2024-06-24 08:26:02,266 [INFO] ThirdParty:883 - exiting critical section [close project]
2024-06-24 08:26:02,268 [INFO] PinOutPanel:1561 - setPackage(No Configuration,No Configuration)
2024-06-24 08:26:02,270 [INFO] UtilMem:75 - Begin LoadConfig() Used Memory: 713340096 Bytes (929038336)
2024-06-24 08:26:02,272 [INFO] MicroXplorer:468 - Change Database Path : 
2024-06-24 08:26:02,272 [INFO] MicroXplorer:498 - Change Database Version : DB.6.0.111
2024-06-24 08:26:02,272 [INFO] OpenFileManager:312 - Change cursor
2024-06-24 08:26:02,474 [INFO] Mcu:2021 - Initializing MCU STM32F103C8Tx STM32F103C8Tx STM32F103C8T6
2024-06-24 08:26:03,043 [INFO] Context:663 - Trying to add GPIOservice into a context  which must be forbidden
2024-06-24 08:26:03,170 [INFO] ImportTextPane:194 - (OptionalMessage_ERROR) Unable to find key (Mcu.ThirdPartyNb) in loaded IOC file
2024-06-24 08:26:03,170 [INFO] ImportTextPane:194 - (OptionalMessage_ERROR) Unable to find key (Mcu.PinsNb) in loaded IOC file
2024-06-24 08:26:03,170 [INFO] ImportTextPane:194 - (OptionalMessage_ERROR) Unable to find key (Mcu.IPNb) in loaded IOC file
2024-06-24 08:26:03,207 [INFO] RtosManager:555 - Registered RTOS mode: class=CMSIS, group=RTOS, mode=CMSIS_V1, owner=FREERTOS
2024-06-24 08:26:03,207 [INFO] RtosManager:555 - Registered RTOS mode: class=CMSIS, group=RTOS2, mode=CMSIS_V2, owner=FREERTOS
2024-06-24 08:26:03,207 [INFO] RtosManager:555 - Registered RTOS mode: class=RTOS, group=Core, mode=CMSIS_V1, owner=FREERTOS
2024-06-24 08:26:03,207 [INFO] RtosManager:555 - Registered RTOS mode: class=RTOS, group=Core, mode=CMSIS_V2, owner=FREERTOS
2024-06-24 08:26:03,208 [WARN] ModelIntegratedComponent:184 - Missing modes for component STMicroelectronics:FreeRTOS:0.0.1:STMicroelectronics:RTOS:FreeRTOS:Core:::10.2.0:
2024-06-24 08:26:03,214 [WARN] ModelIntegratedComponent:63 - No mode defined for component null
2024-06-24 08:26:03,214 [WARN] ModelIntegratedComponent:63 - No mode defined for component null
2024-06-24 08:26:03,214 [WARN] ModelIntegratedComponent:63 - No mode defined for component null
2024-06-24 08:26:03,214 [WARN] ModelIntegratedComponent:63 - No mode defined for component null
2024-06-24 08:26:03,214 [WARN] ModelIntegratedComponent:63 - No mode defined for component null
2024-06-24 08:26:03,214 [WARN] ModelIntegratedComponent:63 - No mode defined for component null
2024-06-24 08:26:03,214 [WARN] ModelIntegratedComponent:63 - No mode defined for component null
2024-06-24 08:26:03,214 [WARN] ModelIntegratedComponent:63 - No mode defined for component null
2024-06-24 08:26:03,214 [WARN] ModelIntegratedComponent:63 - No mode defined for component null
2024-06-24 08:26:03,214 [WARN] ModelIntegratedComponent:63 - No mode defined for component null
2024-06-24 08:26:03,214 [WARN] ModelIntegratedComponent:63 - No mode defined for component null
2024-06-24 08:26:03,214 [WARN] ModelIntegratedComponent:63 - No mode defined for component null
2024-06-24 08:26:03,214 [WARN] ModelIntegratedComponent:63 - No mode defined for component null
2024-06-24 08:26:03,214 [WARN] ModelIntegratedComponent:63 - No mode defined for component null
2024-06-24 08:26:03,214 [WARN] ModelIntegratedComponent:63 - No mode defined for component null
2024-06-24 08:26:03,214 [WARN] ModelIntegratedComponent:63 - No mode defined for component null
2024-06-24 08:26:03,214 [WARN] ModelIntegratedComponent:63 - No mode defined for component null
2024-06-24 08:26:03,214 [WARN] ModelIntegratedComponent:63 - No mode defined for component null
2024-06-24 08:26:03,215 [WARN] ModelIntegratedComponent:63 - No mode defined for component null
2024-06-24 08:26:03,215 [WARN] ModelIntegratedComponent:63 - No mode defined for component null
2024-06-24 08:26:03,215 [WARN] ModelIntegratedComponent:63 - No mode defined for component null
2024-06-24 08:26:03,215 [WARN] ModelIntegratedComponent:63 - No mode defined for component null
2024-06-24 08:26:03,215 [WARN] ModelIntegratedComponent:63 - No mode defined for component null
2024-06-24 08:26:03,215 [WARN] ModelIntegratedComponent:63 - No mode defined for component null
2024-06-24 08:26:03,215 [WARN] ModelIntegratedComponent:63 - No mode defined for component null
2024-06-24 08:26:03,215 [WARN] ModelIntegratedComponent:63 - No mode defined for component null
2024-06-24 08:26:03,215 [WARN] ModelIntegratedComponent:63 - No mode defined for component null
2024-06-24 08:26:03,215 [WARN] ModelIntegratedComponent:63 - No mode defined for component null
2024-06-24 08:26:03,215 [WARN] ModelIntegratedComponent:63 - No mode defined for component null
2024-06-24 08:26:03,215 [WARN] ModelIntegratedComponent:63 - No mode defined for component null
2024-06-24 08:26:03,215 [WARN] ModelIntegratedComponent:63 - No mode defined for component null
2024-06-24 08:26:03,215 [WARN] ModelIntegratedComponent:63 - No mode defined for component null
2024-06-24 08:26:03,215 [WARN] ModelIntegratedComponent:63 - No mode defined for component null
2024-06-24 08:26:03,215 [WARN] ModelIntegratedComponent:63 - No mode defined for component null
2024-06-24 08:26:03,288 [INFO] ThirdPartyModel:298 - Start build external matchings
2024-06-24 08:26:03,452 [INFO] ThirdPartyModel:316 - End build external matchings
2024-06-24 08:26:03,578 [INFO] UtilMem:75 - End LoadConfig() Used Memory: 723128272 Bytes (1073741824)
2024-06-24 08:26:03,597 [WARN] ThirdParty:833 - waiting for thirdparty lock release [change project]
2024-06-24 08:26:03,597 [INFO] ThirdParty:835 - entering critical section [change project]
2024-06-24 08:26:03,597 [INFO] ThirdParty:1030 - CMSIS Pack Vendor :STMicroelectronics USBPD 4.1
2024-06-24 08:26:03,597 [INFO] ThirdParty:1030 - CMSIS Pack Vendor :STMicroelectronics X-CUBE-GNSS1 6.0.0
2024-06-24 08:26:03,597 [INFO] ThirdParty:1030 - CMSIS Pack Vendor :STMicroelectronics USB_HOST 2.0.0
2024-06-24 08:26:03,597 [INFO] ThirdParty:1030 - CMSIS Pack Vendor :STMicroelectronics X-CUBE-AZRTOS-F4 1.1.0
2024-06-24 08:26:03,597 [INFO] ThirdParty:1030 - CMSIS Pack Vendor :STMicroelectronics LIBJPEG 8.0.0
2024-06-24 08:26:03,597 [INFO] ThirdParty:1030 - CMSIS Pack Vendor :STMicroelectronics X-CUBE-SMBUS 2.1.0
2024-06-24 08:26:03,597 [INFO] ThirdParty:1030 - CMSIS Pack Vendor :STMicroelectronics USB_DEVICE 3.0.0
2024-06-24 08:26:03,597 [INFO] ThirdParty:1030 - CMSIS Pack Vendor :STMicroelectronics X-CUBE-AZRTOS-WB 2.0.0
2024-06-24 08:26:03,597 [INFO] ThirdParty:1030 - CMSIS Pack Vendor :STMicroelectronics X-CUBE-AZRTOS-F7 1.1.0
2024-06-24 08:26:03,597 [INFO] ThirdParty:1030 - CMSIS Pack Vendor :STMicroelectronics X-CUBE-AZRTOS-L5 2.0.0
2024-06-24 08:26:03,597 [INFO] ThirdParty:1030 - CMSIS Pack Vendor :STMicroelectronics USB_DEVICE 2.0.0
2024-06-24 08:26:03,597 [INFO] ThirdParty:1030 - CMSIS Pack Vendor :STMicroelectronics FreeRTOS 0.0.1
2024-06-24 08:26:03,597 [INFO] ThirdParty:1030 - CMSIS Pack Vendor :STMicroelectronics X-CUBE-AZRTOS-G0 1.1.0
2024-06-24 08:26:03,597 [INFO] ThirdParty:1030 - CMSIS Pack Vendor :STMicroelectronics X-CUBE-NFC4 3.0.0
2024-06-24 08:26:03,597 [INFO] ThirdParty:1030 - CMSIS Pack Vendor :STMicroelectronics X-CUBE-SUBG2 5.0.0
2024-06-24 08:26:03,597 [INFO] ThirdParty:1030 - CMSIS Pack Vendor :STMicroelectronics STM32_WPAN 1.0.0
2024-06-24 08:26:03,597 [INFO] ThirdParty:1030 - CMSIS Pack Vendor :STMicroelectronics lwIP 2.0.3
2024-06-24 08:26:03,597 [INFO] ThirdParty:1030 - CMSIS Pack Vendor :STMicroelectronics FP-SNS-FLIGHT1 5.0.2
2024-06-24 08:26:03,597 [INFO] ThirdParty:1030 - CMSIS Pack Vendor :Cesanta I-CUBE-Mongoose 7.13.0
2024-06-24 08:26:03,597 [INFO] ThirdParty:1030 - CMSIS Pack Vendor :STMicroelectronics USB_HOST 1.0.0
2024-06-24 08:26:03,597 [INFO] ThirdParty:1030 - CMSIS Pack Vendor :STMicroelectronics X-CUBE-AZRTOS-G4 2.0.0
2024-06-24 08:26:03,597 [INFO] ThirdParty:1030 - CMSIS Pack Vendor :STMicroelectronics PDM2PCM 3.1.0
2024-06-24 08:26:03,597 [INFO] ThirdParty:1030 - CMSIS Pack Vendor :STMicroelectronics PDM2PCM 3.3.0
2024-06-24 08:26:03,597 [INFO] ThirdParty:1030 - CMSIS Pack Vendor :STMicroelectronics X-CUBE-DISPLAY 3.0.0
2024-06-24 08:26:03,597 [INFO] ThirdParty:1030 - CMSIS Pack Vendor :STMicroelectronics X-CUBE-BLE1 7.0.0
2024-06-24 08:26:03,597 [INFO] ThirdParty:1030 - CMSIS Pack Vendor :STMicroelectronics FP-ATR-SIGFOX1 3.2.0
2024-06-24 08:26:03,597 [INFO] ThirdParty:1030 - CMSIS Pack Vendor :STMicroelectronics X-CUBE-ISPU 2.0.0
2024-06-24 08:26:03,597 [INFO] ThirdParty:1030 - CMSIS Pack Vendor :STMicroelectronics X-CUBE-EEPRMA1 5.1.0
2024-06-24 08:26:03,597 [INFO] ThirdParty:1030 - CMSIS Pack Vendor :STMicroelectronics HAL Drivers 0.0.0
2024-06-24 08:26:03,597 [INFO] ThirdParty:1030 - CMSIS Pack Vendor :STMicroelectronics MBEDTLS 2.16.2
2024-06-24 08:26:03,597 [INFO] ThirdParty:1030 - CMSIS Pack Vendor :STMicroelectronics X-CUBE-MEMS1 10.0.0
2024-06-24 08:26:03,597 [INFO] ThirdParty:1030 - CMSIS Pack Vendor :STMicroelectronics X-CUBE-NFC7 1.0.1
2024-06-24 08:26:03,597 [INFO] ThirdParty:1030 - CMSIS Pack Vendor :STMicroelectronics MBEDTLS 2.14.1
2024-06-24 08:26:03,597 [INFO] ThirdParty:1030 - CMSIS Pack Vendor :portGmbH I-Cube-SoM-uGOAL 1.1.0
2024-06-24 08:26:03,597 [INFO] ThirdParty:1030 - CMSIS Pack Vendor :STMicroelectronics X-CUBE-BLEMGR 3.1.0
2024-06-24 08:26:03,597 [INFO] ThirdParty:1030 - CMSIS Pack Vendor :STMicroelectronics ThreadX 1.0.0
2024-06-24 08:26:03,597 [INFO] ThirdParty:1030 - CMSIS Pack Vendor :STMicroelectronics FP-SNS-SMARTAG2 1.2.0
2024-06-24 08:26:03,597 [INFO] ThirdParty:1030 - CMSIS Pack Vendor :STMicroelectronics X-CUBE-AZRTOS-WL 2.0.0
2024-06-24 08:26:03,598 [INFO] ThirdParty:1030 - CMSIS Pack Vendor :SEGGER I-CUBE-embOS 1.3.1
2024-06-24 08:26:03,598 [INFO] ThirdParty:1030 - CMSIS Pack Vendor :STMicroelectronics USB_DEVICE 1.0.0
2024-06-24 08:26:03,598 [INFO] ThirdParty:1030 - CMSIS Pack Vendor :wolfSSL I-CUBE-wolfMQTT 1.19.0
2024-06-24 08:26:03,598 [INFO] ThirdParty:1030 - CMSIS Pack Vendor :STMicroelectronics X-CUBE-AZRTOS-L4 2.0.0
2024-06-24 08:26:03,598 [INFO] ThirdParty:1030 - CMSIS Pack Vendor :STMicroelectronics ThreadX 0.0.2
2024-06-24 08:26:03,598 [INFO] ThirdParty:1030 - CMSIS Pack Vendor :WES I-CUBE-Cesium 1.3.0
2024-06-24 08:26:03,598 [INFO] ThirdParty:1030 - CMSIS Pack Vendor :STMicroelectronics FP-ATR-ASTRA1 2.0.0
2024-06-24 08:26:03,598 [INFO] ThirdParty:1030 - CMSIS Pack Vendor :STMicroelectronics lwIP 2.1.2
2024-06-24 08:26:03,598 [INFO] ThirdParty:1030 - CMSIS Pack Vendor :STMicroelectronics X-CUBE-SFXS2LP1 4.0.0
2024-06-24 08:26:03,598 [INFO] ThirdParty:1030 - CMSIS Pack Vendor :STMicroelectronics X-CUBE-BLE2 3.3.0
2024-06-24 08:26:03,598 [INFO] ThirdParty:1030 - CMSIS Pack Vendor :STMicroelectronics X-CUBE-TOF1 3.4.1
2024-06-24 08:26:03,598 [INFO] ThirdParty:1030 - CMSIS Pack Vendor :STMicroelectronics X-CUBE-AZRTOS-H7 3.2.0
2024-06-24 08:26:03,598 [INFO] ThirdParty:1030 - CMSIS Pack Vendor :STMicroelectronics PDM2PCM 3.2.0
2024-06-24 08:26:03,598 [INFO] ThirdParty:841 - exiting critical section [change project]
2024-06-24 08:26:03,740 [INFO] PinOutPanel:1561 - setPackage(No Configuration,No Configuration)
2024-06-24 08:26:03,740 [INFO] PinOutPanel:1561 - setPackage(STM32F103C8Tx,LQFP48)
2024-06-24 08:26:03,958 [INFO] UtilMem:75 - Before build in PCC Used Memory: 613142480 Bytes (1073741824)
2024-06-24 08:26:05,169 [INFO] UtilMem:75 - After build in PCC Used Memory: 687717928 Bytes (1073741824)
2024-06-24 08:26:05,194 [INFO] IPUIPlugin:80 - create IPUIPlugin
2024-06-24 08:26:05,195 [INFO] IPUIPlugin:80 - create IPUIPlugin
2024-06-24 08:26:05,195 [INFO] IPUIPlugin:80 - create IPUIPlugin
2024-06-24 08:26:05,197 [INFO] IPUIPlugin:80 - create IPUIPlugin
2024-06-24 08:26:05,198 [INFO] IPUIPlugin:80 - create IPUIPlugin
2024-06-24 08:26:05,198 [INFO] IPUIPlugin:80 - create IPUIPlugin
2024-06-24 08:26:05,198 [INFO] IPUIPlugin:80 - create IPUIPlugin
2024-06-24 08:26:05,199 [INFO] IPUIPlugin:80 - create IPUIPlugin
2024-06-24 08:26:05,199 [INFO] IPUIPlugin:80 - create IPUIPlugin
2024-06-24 08:26:05,199 [INFO] IPUIPlugin:80 - create IPUIPlugin
2024-06-24 08:26:05,199 [INFO] IPUIPlugin:80 - create IPUIPlugin
2024-06-24 08:26:05,200 [INFO] IPUIPlugin:80 - create IPUIPlugin
2024-06-24 08:26:05,200 [INFO] IPUIPlugin:80 - create IPUIPlugin
2024-06-24 08:26:05,200 [INFO] IPUIPlugin:80 - create IPUIPlugin
2024-06-24 08:26:05,201 [INFO] IPUIPlugin:80 - create IPUIPlugin
2024-06-24 08:26:05,201 [INFO] IPUIPlugin:80 - create IPUIPlugin
2024-06-24 08:26:05,202 [INFO] IPUIPlugin:80 - create IPUIPlugin
2024-06-24 08:26:05,202 [INFO] IPUIPlugin:80 - create IPUIPlugin
2024-06-24 08:26:05,202 [INFO] IPUIPlugin:80 - create IPUIPlugin
2024-06-24 08:26:05,202 [INFO] IPUIPlugin:80 - create IPUIPlugin
2024-06-24 08:26:05,202 [INFO] IPUIPlugin:80 - create IPUIPlugin
2024-06-24 08:26:05,203 [INFO] IPUIPlugin:80 - create IPUIPlugin
2024-06-24 08:26:05,203 [INFO] IPUIPlugin:80 - create IPUIPlugin
2024-06-24 08:26:05,203 [INFO] IPUIPlugin:80 - create IPUIPlugin
2024-06-24 08:26:05,203 [INFO] IPUIPlugin:80 - create IPUIPlugin
2024-06-24 08:26:05,203 [INFO] IPUIPlugin:80 - create IPUIPlugin
2024-06-24 08:26:05,204 [INFO] IPUIPlugin:80 - create IPUIPlugin
2024-06-24 08:26:05,504 [INFO] CADModel:165 - CPN selected for project levelSTM32F103C8T6
2024-06-24 08:26:05,505 [INFO] CADModel:114 - Register for checkConnection events
2024-06-24 08:26:05,572 [INFO] OpenFileManager:343 - Restore cursor
2024-06-24 08:26:09,451 [INFO] UtilMem:75 - End SaveConfig() Used Memory: 799915560 Bytes (1073741824)
2024-06-24 08:26:09,489 [INFO] UtilMem:75 - End SaveConfig() Used Memory: 811976232 Bytes (1073741824)
2024-06-24 08:26:09,965 [INFO] BlockDiagram:2759 - set Specific Code input for plugin: NVIC
2024-06-24 08:26:09,965 [INFO] BlockDiagram:2759 - set Specific Code input for plugin: RCC
2024-06-24 08:26:10,320 [INFO] CodeGenerator:807 - code generatio: config db path: C:\ST\STM32CubeIDE_1.15.1\STM32CubeIDE\plugins\com.st.stm32cube.common.mx_6.11.1.202404110753\\db\
2024-06-24 08:26:10,520 [INFO] CodeEngine:255 - oldGeneratedFile, D:\GIT\LAB1\BINKY\MXTmpFiles\license.tmp_save
2024-06-24 08:26:11,272 [INFO] CodeEngine:279 - Generated code: D:\GIT\LAB1\BINKY\MXTmpFiles\license.tmp
2024-06-24 08:26:11,329 [INFO] CodeEngine:255 - oldGeneratedFile, D:\GIT\LAB1\BINKY\Core\Src\stm32f1xx_it.c_save
2024-06-24 08:26:11,670 [INFO] CodeEngine:279 - Generated code: D:\GIT\LAB1\BINKY\Core\Src\stm32f1xx_it.c
2024-06-24 08:26:11,681 [INFO] CodeEngine:255 - oldGeneratedFile, D:\GIT\LAB1\BINKY\Core\Inc\stm32f1xx_it.h_save
2024-06-24 08:26:11,748 [INFO] CodeEngine:279 - Generated code: D:\GIT\LAB1\BINKY\Core\Inc\stm32f1xx_it.h
2024-06-24 08:26:11,856 [INFO] CodeEngine:255 - oldGeneratedFile, D:\GIT\LAB1\BINKY\Core\Src\stm32f1xx_hal_msp.c_save
2024-06-24 08:26:11,964 [INFO] CodeEngine:279 - Generated code: D:\GIT\LAB1\BINKY\Core\Src\stm32f1xx_hal_msp.c
2024-06-24 08:26:11,972 [INFO] CodeEngine:255 - oldGeneratedFile, D:\GIT\LAB1\BINKY\MXTmpFiles\system.tmp_save
2024-06-24 08:26:12,029 [INFO] CodeEngine:279 - Generated code: D:\GIT\LAB1\BINKY\MXTmpFiles\system.tmp
2024-06-24 08:26:12,045 [INFO] CodeEngine:311 - oldGeneratedFile, D:\GIT\LAB1\BINKY\Core\Inc\stm32f1xx_hal_conf.h_save
2024-06-24 08:26:12,132 [INFO] CodeEngine:335 - Generated code: D:\GIT\LAB1\BINKY\Core\Inc\stm32f1xx_hal_conf.h
2024-06-24 08:26:12,186 [INFO] CodeEngine:255 - oldGeneratedFile, D:\GIT\LAB1\BINKY\Core\Inc\main.h_save
2024-06-24 08:26:12,282 [INFO] CodeEngine:279 - Generated code: D:\GIT\LAB1\BINKY\Core\Inc\main.h
2024-06-24 08:26:12,292 [INFO] CodeEngine:255 - oldGeneratedFile, D:\GIT\LAB1\BINKY\Core\Src\main.c_save
2024-06-24 08:26:12,401 [INFO] CodeEngine:279 - Generated code: D:\GIT\LAB1\BINKY\Core\Src\main.c
2024-06-24 08:26:12,645 [INFO] ProjectBuilder:3163 - Time for Copy HAL[1] : 107mS.
2024-06-24 08:26:12,651 [INFO] ProjectBuilder:4736 - Project Generator version: 4.3.0-B58
2024-06-24 08:26:12,714 [INFO] ConfigFileManager:1503 - The Die is : DIE410
2024-06-24 08:26:12,734 [INFO] ApiDbMcu:508 - Load IP Config File for FATFS
2024-06-24 08:26:12,766 [INFO] ApiDbMcu:508 - Load IP Config File for FREERTOS
2024-06-24 08:26:12,793 [INFO] ApiDbMcu:508 - Load IP Config File for USB_DEVICE
2024-06-24 08:26:13,512 [INFO] LogOutputStream:77 - [STDOUT_REDIRECT] 
2024-06-24 08:26:16,815 [INFO] ProjectBuilder:5002 - Time for Generating toolchain IDE Files: 4164mS.
2024-06-24 08:26:16,816 [INFO] ProjectBuilder:3034 - Time for Copy CMSIS : 0mS.
2024-06-24 08:26:16,817 [INFO] ProjectBuilder:3034 - Time for Copy CMSIS : 0mS.
2024-06-24 08:26:17,516 [INFO] McuFinderGlobals:76 - Set McuFinderConnectedMode to true
2024-06-24 08:26:17,520 [INFO] ApiDb:448 - Save user favorites file C:\Users\PC/.stm32cubeide/favorites.mcus.txt: 0 item(s)
2024-06-24 08:26:17,520 [INFO] ApiDb:452 - User favorites MCUs=[]
2024-06-24 08:44:50,822 [INFO] UtilMem:75 - End SaveConfig() Used Memory: 253999736 Bytes (775946240)
2024-06-24 08:44:52,680 [INFO] UtilMem:75 - End SaveConfig() Used Memory: 271490272 Bytes (775946240)
2024-06-24 08:44:54,215 [INFO] UtilMem:75 - End SaveConfig() Used Memory: 325489880 Bytes (775946240)
2024-06-24 08:44:54,301 [INFO] BlockDiagram:2759 - set Specific Code input for plugin: NVIC
2024-06-24 08:44:54,301 [INFO] BlockDiagram:2759 - set Specific Code input for plugin: SYS
2024-06-24 08:44:54,301 [INFO] BlockDiagram:2759 - set Specific Code input for plugin: GPIO
2024-06-24 08:44:54,301 [INFO] BlockDiagram:2759 - set Specific Code input for plugin: RCC
2024-06-24 08:44:54,302 [INFO] CodeGenerator:807 - code generatio: config db path: C:\ST\STM32CubeIDE_1.15.1\STM32CubeIDE\plugins\com.st.stm32cube.common.mx_6.11.1.202404110753\\db\
2024-06-24 08:44:54,349 [INFO] CodeEngine:255 - oldGeneratedFile, D:\GIT\LAB1\BINKY\MXTmpFiles\license.tmp_save
2024-06-24 08:44:54,469 [INFO] CodeEngine:279 - Generated code: D:\GIT\LAB1\BINKY\MXTmpFiles\license.tmp
2024-06-24 08:44:54,532 [INFO] CodeEngine:255 - oldGeneratedFile, D:\GIT\LAB1\BINKY\MXTmpFiles\gpio.tmp_save
2024-06-24 08:44:54,596 [INFO] CodeEngine:279 - Generated code: D:\GIT\LAB1\BINKY\MXTmpFiles\gpio.tmp
2024-06-24 08:44:54,618 [INFO] CodeEngine:255 - oldGeneratedFile, D:\GIT\LAB1\BINKY\Core\Src\stm32f1xx_it.c_save
2024-06-24 08:44:54,741 [INFO] CodeEngine:279 - Generated code: D:\GIT\LAB1\BINKY\Core\Src\stm32f1xx_it.c
2024-06-24 08:44:54,754 [INFO] CodeEngine:255 - oldGeneratedFile, D:\GIT\LAB1\BINKY\Core\Inc\stm32f1xx_it.h_save
2024-06-24 08:44:54,805 [INFO] CodeEngine:279 - Generated code: D:\GIT\LAB1\BINKY\Core\Inc\stm32f1xx_it.h
2024-06-24 08:44:54,820 [INFO] CodeEngine:255 - oldGeneratedFile, D:\GIT\LAB1\BINKY\Core\Src\stm32f1xx_hal_msp.c_save
2024-06-24 08:44:54,897 [INFO] CodeEngine:279 - Generated code: D:\GIT\LAB1\BINKY\Core\Src\stm32f1xx_hal_msp.c
2024-06-24 08:44:54,899 [INFO] CodeEngine:255 - oldGeneratedFile, D:\GIT\LAB1\BINKY\MXTmpFiles\system.tmp_save
2024-06-24 08:44:54,945 [INFO] CodeEngine:279 - Generated code: D:\GIT\LAB1\BINKY\MXTmpFiles\system.tmp
2024-06-24 08:44:54,956 [INFO] CodeEngine:311 - oldGeneratedFile, D:\GIT\LAB1\BINKY\Core\Inc\stm32f1xx_hal_conf.h_save
2024-06-24 08:44:55,013 [INFO] CodeEngine:335 - Generated code: D:\GIT\LAB1\BINKY\Core\Inc\stm32f1xx_hal_conf.h
2024-06-24 08:44:55,045 [INFO] CodeEngine:255 - oldGeneratedFile, D:\GIT\LAB1\BINKY\Core\Inc\main.h_save
2024-06-24 08:44:55,117 [INFO] CodeEngine:279 - Generated code: D:\GIT\LAB1\BINKY\Core\Inc\main.h
2024-06-24 08:44:55,134 [INFO] CodeEngine:255 - oldGeneratedFile, D:\GIT\LAB1\BINKY\Core\Src\main.c_save
2024-06-24 08:44:55,204 [INFO] CodeEngine:279 - Generated code: D:\GIT\LAB1\BINKY\Core\Src\main.c
2024-06-24 08:44:55,391 [INFO] ProjectBuilder:3163 - Time for Copy HAL[1] : 79mS.
2024-06-24 08:44:55,393 [INFO] ProjectBuilder:4736 - Project Generator version: 4.3.0-B58
2024-06-24 08:44:55,428 [INFO] ConfigFileManager:1503 - The Die is : DIE410
2024-06-24 08:44:56,170 [INFO] ProjectBuilder:5002 - Time for Generating toolchain IDE Files: 777mS.
2024-06-24 08:44:56,170 [INFO] ProjectBuilder:3034 - Time for Copy CMSIS : 0mS.
2024-06-24 08:44:56,171 [INFO] ProjectBuilder:3034 - Time for Copy CMSIS : 0mS.
